{"meta": {"format": 3, "version": "7.10.3", "timestamp": "2026-03-27T14:59:07.973715", "branch_coverage": false, "show_contexts": false}, "files": {"scripts/statusline/__init__.py": {"executed_lines": [1, 7, 8, 10, 12], "summary": {"covered_lines": 4, "num_statements": 4, "percent_covered": 100.0, "percent_covered_display": "100", "missing_lines": 0, "excluded_lines": 0}, "missing_lines": [], "excluded_lines": [], "functions": {"": {"executed_lines": [1, 7, 8, 10, 12], "summary": {"covered_lines": 4, "num_statements": 4, "percent_covered": 100.0, "percent_covered_display": "100", "missing_lines": 0, "excluded_lines": 0}, "missing_lines": [], "excluded_lines": []}}, "classes": {"": {"executed_lines": [1, 7, 8, 10, 12], "summary": {"covered_lines": 4, "num_statements": 4, "percent_covered": 100.0, "percent_covered_display": "100", "missing_lines": 0, "excluded_lines": 0}, "missing_lines": [], "excluded_lines": []}}}, "scripts/statusline/config/__init__.py": {"executed_lines": [1, 7, 9], "summary": {"covered_lines": 2, "num_statements": 2, "percent_covered": 100.0, "percent_covered_display": "100", "missing_lines": 0, "excluded_lines": 0}, "missing_lines": [], "excluded_lines": [], "functions": {"": {"executed_lines": [1, 7, 9], "summary": {"covered_lines": 2, "num_statements": 2, "percent_covered": 100.0, "percent_covered_display": "100", "missing_lines": 0, "excluded_lines": 0}, "missing_lines": [], "excluded_lines": []}}, "classes": {"": {"executed_lines": [1, 7, 9], "summary": {"covered_lines": 2, "num_statements": 2, "percent_covered": 100.0, "percent_covered_display": "100", "missing_lines": 0, "excluded_lines": 0}, "missing_lines": [], "excluded_lines": []}}}, "scripts/statusline/config/manager.py": {"executed_lines": [1, 7, 8, 9, 10, 11, 12, 15, 16, 17, 18, 21, 22, 23, 24, 25, 26, 29, 30, 31, 32, 33, 36, 37, 38, 41, 42, 45, 48, 51, 54, 55, 56, 57, 60, 61, 63, 65, 67, 68, 70, 71, 74, 75, 78, 79, 80, 81, 83, 85, 87, 89, 90, 92, 95, 98, 101, 104, 106, 109, 110, 112, 119, 120, 121, 123, 133, 137, 138, 139, 140, 143, 146, 147, 150, 152, 159, 162, 166, 169, 170, 172, 179, 180, 181, 183, 190, 191, 194, 195, 196, 198, 201, 204, 205, 209, 211, 221, 230, 237, 240, 242, 244, 246, 248, 251, 253, 255], "summary": {"covered_lines": 102, "num_statements": 119, "percent_covered": 85.71428571428571, "percent_covered_display": "86", "missing_lines": 17, "excluded_lines": 0}, "missing_lines": [93, 96, 99, 134, 148, 160, 163, 206, 218, 219, 228, 241, 243, 245, 247, 249, 256], "excluded_lines": [], "functions": {"Config.to_dict": {"executed_lines": [65, 67, 68], "summary": {"covered_lines": 3, "num_statements": 3, "percent_covered": 100.0, "percent_covered_display": "100", "missing_lines": 0, "excluded_lines": 0}, "missing_lines": [], "excluded_lines": []}, "Config.from_dict": {"executed_lines": [74, 75, 78, 79, 80, 81, 83], "summary": {"covered_lines": 7, "num_statements": 7, "percent_covered": 100.0, "percent_covered_display": "100", "missing_lines": 0, "excluded_lines": 0}, "missing_lines": [], "excluded_lines": []}, "Config.validate": {"executed_lines": [87, 89, 90, 92, 95, 98, 101], "summary": {"covered_lines": 7, "num_statements": 10, "percent_covered": 70.0, "percent_covered_display": "70", "missing_lines": 3, "excluded_lines": 0}, "missing_lines": [93, 96, 99], "excluded_lines": []}, "get_default_config": {"executed_lines": [106], "summary": {"covered_lines": 1, "num_statements": 1, "percent_covered": 100.0, "percent_covered_display": "100", "missing_lines": 0, "excluded_lines": 0}, "missing_lines": [], "excluded_lines": []}, "ConfigManager.__init__": {"executed_lines": [119, 120, 121], "summary": {"covered_lines": 3, "num_statements": 3, "percent_covered": 100.0, "percent_covered_display": "100", "missing_lines": 0, "excluded_lines": 0}, "missing_lines": [], "excluded_lines": []}, "ConfigManager.load": {"executed_lines": [133, 137, 138, 139, 140, 143, 146, 147, 150], "summary": {"covered_lines": 9, "num_statements": 11, "percent_covered": 81.81818181818181, "percent_covered_display": "82", "missing_lines": 2, "excluded_lines": 0}, "missing_lines": [134, 148], "excluded_lines": []}, "ConfigManager.save": {"executed_lines": [159, 162, 166, 169, 170], "summary": {"covered_lines": 5, "num_statements": 7, "percent_covered": 71.42857142857143, "percent_covered_display": "71", "missing_lines": 2, "excluded_lines": 0}, "missing_lines": [160, 163], "excluded_lines": []}, "ConfigManager.get": {"executed_lines": [179, 180, 181], "summary": {"covered_lines": 3, "num_statements": 3, "percent_covered": 100.0, "percent_covered_display": "100", "missing_lines": 0, "excluded_lines": 0}, "missing_lines": [], "excluded_lines": []}, "ConfigManager.update": {"executed_lines": [190, 191, 194, 195, 196, 198, 201, 204, 205, 209], "summary": {"covered_lines": 10, "num_statements": 11, "percent_covered": 90.9090909090909, "percent_covered_display": "91", "missing_lines": 1, "excluded_lines": 0}, "missing_lines": [206], "excluded_lines": []}, "ConfigManager.reload": {"executed_lines": [], "summary": {"covered_lines": 0, "num_statements": 2, "percent_covered": 0.0, "percent_covered_display": "0", "missing_lines": 2, "excluded_lines": 0}, "missing_lines": [218, 219], "excluded_lines": []}, "ConfigManager.watch": {"executed_lines": [], "summary": {"covered_lines": 0, "num_statements": 1, "percent_covered": 0.0, "percent_covered_display": "0", "missing_lines": 1, "excluded_lines": 0}, "missing_lines": [228], "excluded_lines": []}, "ConfigManager._load_from_env": {"executed_lines": [237, 240, 242, 244, 246, 248, 251], "summary": {"covered_lines": 7, "num_statements": 12, "percent_covered": 58.333333333333336, "percent_covered_display": "58", "missing_lines": 5, "excluded_lines": 0}, "missing_lines": [241, 243, 245, 247, 249], "excluded_lines": []}, "ConfigManager._notify_watchers": {"executed_lines": [255], "summary": {"covered_lines": 1, "num_statements": 2, "percent_covered": 50.0, "percent_covered_display": "50", "missing_lines": 1, "excluded_lines": 0}, "missing_lines": [256], "excluded_lines": []}, "": {"executed_lines": [1, 7, 8, 9, 10, 11, 12, 15, 16, 17, 18, 21, 22, 23, 24, 25, 26, 29, 30, 31, 32, 33, 36, 37, 38, 41, 42, 45, 48, 51, 54, 55, 56, 57, 60, 61, 63, 70, 71, 85, 104, 109, 110, 112, 123, 152, 172, 183, 211, 221, 230, 253], "summary": {"covered_lines": 46, "num_statements": 46, "percent_covered": 100.0, "percent_covered_display": "100", "missing_lines": 0, "excluded_lines": 0}, "missing_lines": [], "excluded_lines": []}}, "classes": {"LayoutMode": {"executed_lines": [], "summary": {"covered_lines": 0, "num_statements": 0, "percent_covered": 100.0, "percent_covered_display": "100", "missing_lines": 0, "excluded_lines": 0}, "missing_lines": [], "excluded_lines": []}, "CacheConfig": {"executed_lines": [], "summary": {"covered_lines": 0, "num_statements": 0, "percent_covered": 100.0, "percent_covered_display": "100", "missing_lines": 0, "excluded_lines": 0}, "missing_lines": [], "excluded_lines": []}, "RefreshConfig": {"executed_lines": [], "summary": {"covered_lines": 0, "num_statements": 0, "percent_covered": 100.0, "percent_covered_display": "100", "missing_lines": 0, "excluded_lines": 0}, "missing_lines": [], "excluded_lines": []}, "Config": {"executed_lines": [65, 67, 68, 74, 75, 78, 79, 80, 81, 83, 87, 89, 90, 92, 95, 98, 101], "summary": {"covered_lines": 17, "num_statements": 20, "percent_covered": 85.0, "percent_covered_display": "85", "missing_lines": 3, "excluded_lines": 0}, "missing_lines": [93, 96, 99], "excluded_lines": []}, "ConfigManager": {"executed_lines": [119, 120, 121, 133, 137, 138, 139, 140, 143, 146, 147, 150, 159, 162, 166, 169, 170, 179, 180, 181, 190, 191, 194, 195, 196, 198, 201, 204, 205, 209, 237, 240, 242, 244, 246, 248, 251, 255], "summary": {"covered_lines": 38, "num_statements": 52, "percent_covered": 73.07692307692308, "percent_covered_display": "73", "missing_lines": 14, "excluded_lines": 0}, "missing_lines": [134, 148, 160, 163, 206, 218, 219, 228, 241, 243, 245, 247, 249, 256], "excluded_lines": []}, "": {"executed_lines": [1, 7, 8, 9, 10, 11, 12, 15, 16, 17, 18, 21, 22, 23, 24, 25, 26, 29, 30, 31, 32, 33, 36, 37, 38, 41, 42, 45, 48, 51, 54, 55, 56, 57, 60, 61, 63, 70, 71, 85, 104, 106, 109, 110, 112, 123, 152, 172, 183, 211, 221, 230, 253], "summary": {"covered_lines": 47, "num_statements": 47, "percent_covered": 100.0, "percent_covered_display": "100", "missing_lines": 0, "excluded_lines": 0}, "missing_lines": [], "excluded_lines": []}}}, "scripts/statusline/core/__init__.py": {"executed_lines": [1, 7, 8, 10], "summary": {"covered_lines": 3, "num_statements": 3, "percent_covered": 100.0, "percent_covered_display": "100", "missing_lines": 0, "excluded_lines": 0}, "missing_lines": [], "excluded_lines": [], "functions": {"": {"executed_lines": [1, 7, 8, 10], "summary": {"covered_lines": 3, "num_statements": 3, "percent_covered": 100.0, "percent_covered_display": "100", "missing_lines": 0, "excluded_lines": 0}, "missing_lines": [], "excluded_lines": []}}, "classes": {"": {"executed_lines": [1, 7, 8, 10], "summary": {"covered_lines": 3, "num_statements": 3, "percent_covered": 100.0, "percent_covered_display": "100", "missing_lines": 0, "excluded_lines": 0}, "missing_lines": [], "excluded_lines": []}}}, "scripts/statusline/core/compat.py": {"executed_lines": [1, 7, 8, 9, 11, 12, 15, 61, 84, 85, 91, 100, 114, 115, 121, 130, 143, 144, 150, 183, 195, 209, 241, 263, 277], "summary": {"covered_lines": 21, "num_statements": 78, "percent_covered": 26.923076923076923, "percent_covered_display": "27", "missing_lines": 57, "excluded_lines": 0}, "missing_lines": [25, 28, 29, 30, 31, 32, 33, 34, 35, 36, 37, 38, 39, 40, 41, 44, 45, 51, 52, 58, 73, 75, 77, 79, 81, 98, 111, 128, 140, 159, 160, 166, 168, 169, 171, 173, 176, 178, 179, 181, 193, 205, 226, 232, 233, 236, 237, 255, 256, 257, 259, 260, 273, 274, 285, 286, 287], "excluded_lines": [], "functions": {"migrate_config": {"executed_lines": [], "summary": {"covered_lines": 0, "num_statements": 20, "percent_covered": 0.0, "percent_covered_display": "0", "missing_lines": 20, "excluded_lines": 0}, "missing_lines": [25, 28, 29, 30, 31, 32, 33, 34, 35, 36, 37, 38, 39, 40, 41, 44, 45, 51, 52, 58], "excluded_lines": []}, "validate_migration": {"executed_lines": [], "summary": {"covered_lines": 0, "num_statements": 5, "percent_covered": 0.0, "percent_covered_display": "0", "missing_lines": 5, "excluded_lines": 0}, "missing_lines": [73, 75, 77, 79, 81], "excluded_lines": []}, "LegacyImpl.__init__": {"executed_lines": [], "summary": {"covered_lines": 0, "num_statements": 1, "percent_covered": 0.0, "percent_covered_display": "0", "missing_lines": 1, "excluded_lines": 0}, "missing_lines": [98], "excluded_lines": []}, "LegacyImpl.process": {"executed_lines": [], "summary": {"covered_lines": 0, "num_statements": 1, "percent_covered": 0.0, "percent_covered_display": "0", "missing_lines": 1, "excluded_lines": 0}, "missing_lines": [111], "excluded_lines": []}, "NewImpl.__init__": {"executed_lines": [], "summary": {"covered_lines": 0, "num_statements": 1, "percent_covered": 0.0, "percent_covered_display": "0", "missing_lines": 1, "excluded_lines": 0}, "missing_lines": [128], "excluded_lines": []}, "NewImpl.process": {"executed_lines": [], "summary": {"covered_lines": 0, "num_statements": 1, "percent_covered": 0.0, "percent_covered_display": "0", "missing_lines": 1, "excluded_lines": 0}, "missing_lines": [140], "excluded_lines": []}, "CompatLayer.__init__": {"executed_lines": [], "summary": {"covered_lines": 0, "num_statements": 11, "percent_covered": 0.0, "percent_covered_display": "0", "missing_lines": 11, "excluded_lines": 0}, "missing_lines": [159, 160, 166, 168, 169, 171, 173, 176, 178, 179, 181], "excluded_lines": []}, "CompatLayer.process": {"executed_lines": [], "summary": {"covered_lines": 0, "num_statements": 1, "percent_covered": 0.0, "percent_covered_display": "0", "missing_lines": 1, "excluded_lines": 0}, "missing_lines": [193], "excluded_lines": []}, "CompatLayer.__getattr__": {"executed_lines": [], "summary": {"covered_lines": 0, "num_statements": 1, "percent_covered": 0.0, "percent_covered_display": "0", "missing_lines": 1, "excluded_lines": 0}, "missing_lines": [205], "excluded_lines": []}, "format_statusline_old": {"executed_lines": [], "summary": {"covered_lines": 0, "num_statements": 5, "percent_covered": 0.0, "percent_covered_display": "0", "missing_lines": 5, "excluded_lines": 0}, "missing_lines": [226, 232, 233, 236, 237], "excluded_lines": []}, "format_statusline": {"executed_lines": [], "summary": {"covered_lines": 0, "num_statements": 5, "percent_covered": 0.0, "percent_covered_display": "0", "missing_lines": 5, "excluded_lines": 0}, "missing_lines": [255, 256, 257, 259, 260], "excluded_lines": []}, "load_config_from_file": {"executed_lines": [], "summary": {"covered_lines": 0, "num_statements": 2, "percent_covered": 0.0, "percent_covered_display": "0", "missing_lines": 2, "excluded_lines": 0}, "missing_lines": [273, 274], "excluded_lines": []}, "save_config_to_file": {"executed_lines": [], "summary": {"covered_lines": 0, "num_statements": 3, "percent_covered": 0.0, "percent_covered_display": "0", "missing_lines": 3, "excluded_lines": 0}, "missing_lines": [285, 286, 287], "excluded_lines": []}, "": {"executed_lines": [1, 7, 8, 9, 11, 12, 15, 61, 84, 85, 91, 100, 114, 115, 121, 130, 143, 144, 150, 183, 195, 209, 241, 263, 277], "summary": {"covered_lines": 21, "num_statements": 21, "percent_covered": 100.0, "percent_covered_display": "100", "missing_lines": 0, "excluded_lines": 0}, "missing_lines": [], "excluded_lines": []}}, "classes": {"LegacyImpl": {"executed_lines": [], "summary": {"covered_lines": 0, "num_statements": 2, "percent_covered": 0.0, "percent_covered_display": "0", "missing_lines": 2, "excluded_lines": 0}, "missing_lines": [98, 111], "excluded_lines": []}, "NewImpl": {"executed_lines": [], "summary": {"covered_lines": 0, "num_statements": 2, "percent_covered": 0.0, "percent_covered_display": "0", "missing_lines": 2, "excluded_lines": 0}, "missing_lines": [128, 140], "excluded_lines": []}, "CompatLayer": {"executed_lines": [], "summary": {"covered_lines": 0, "num_statements": 13, "percent_covered": 0.0, "percent_covered_display": "0", "missing_lines": 13, "excluded_lines": 0}, "missing_lines": [159, 160, 166, 168, 169, 171, 173, 176, 178, 179, 181, 193, 205], "excluded_lines": []}, "": {"executed_lines": [1, 7, 8, 9, 11, 12, 15, 61, 84, 85, 91, 100, 114, 115, 121, 130, 143, 144, 150, 183, 195, 209, 241, 263, 277], "summary": {"covered_lines": 21, "num_statements": 61, "percent_covered": 34.42622950819672, "percent_covered_display": "34", "missing_lines": 40, "excluded_lines": 0}, "missing_lines": [25, 28, 29, 30, 31, 32, 33, 34, 35, 36, 37, 38, 39, 40, 41, 44, 45, 51, 52, 58, 73, 75, 77, 79, 81, 226, 232, 233, 236, 237, 255, 256, 257, 259, 260, 273, 274, 285, 286, 287], "excluded_lines": []}}}, "scripts/statusline/core/loop.py": {"executed_lines": [1, 7, 8, 9, 10, 11, 13, 14, 15, 16, 17, 18, 19, 20, 21, 24, 25, 31, 38, 41, 42, 43, 47, 48, 49, 52, 53, 56, 57, 60, 62, 65, 66, 68, 69, 72, 75, 78, 80, 94, 123, 143, 159, 199, 209, 222, 226, 234, 238, 244, 263, 274, 277, 281, 282, 283, 285, 288], "summary": {"covered_lines": 56, "num_statements": 133, "percent_covered": 42.10526315789474, "percent_covered_display": "42", "missing_lines": 77, "excluded_lines": 0}, "missing_lines": [82, 83, 85, 86, 87, 88, 89, 90, 92, 96, 98, 99, 100, 101, 104, 105, 106, 107, 110, 111, 114, 115, 117, 118, 121, 130, 131, 133, 135, 136, 137, 138, 139, 141, 153, 154, 156, 157, 162, 165, 166, 168, 169, 172, 177, 178, 179, 180, 181, 184, 187, 190, 191, 192, 197, 206, 207, 216, 217, 218, 220, 224, 228, 229, 230, 231, 232, 236, 240, 241, 242, 251, 252, 254, 256, 278, 286], "excluded_lines": [], "functions": {"StatuslineLoop.__init__": {"executed_lines": [38, 41, 42, 43, 47, 48, 49, 52, 53, 56, 57, 60], "summary": {"covered_lines": 12, "num_statements": 12, "percent_covered": 100.0, "percent_covered_display": "100", "missing_lines": 0, "excluded_lines": 0}, "missing_lines": [], "excluded_lines": []}, "StatuslineLoop._init_layout_and_renderer": {"executed_lines": [65, 66, 68, 69, 72, 75, 78], "summary": {"covered_lines": 7, "num_statements": 7, "percent_covered": 100.0, "percent_covered_display": "100", "missing_lines": 0, "excluded_lines": 0}, "missing_lines": [], "excluded_lines": []}, "StatuslineLoop.start": {"executed_lines": [], "summary": {"covered_lines": 0, "num_statements": 9, "percent_covered": 0.0, "percent_covered_display": "0", "missing_lines": 9, "excluded_lines": 0}, "missing_lines": [82, 83, 85, 86, 87, 88, 89, 90, 92], "excluded_lines": []}, "StatuslineLoop._loop": {"executed_lines": [], "summary": {"covered_lines": 0, "num_statements": 16, "percent_covered": 0.0, "percent_covered_display": "0", "missing_lines": 16, "excluded_lines": 0}, "missing_lines": [96, 98, 99, 100, 101, 104, 105, 106, 107, 110, 111, 114, 115, 117, 118, 121], "excluded_lines": []}, "StatuslineLoop._read_input": {"executed_lines": [], "summary": {"covered_lines": 0, "num_statements": 9, "percent_covered": 0.0, "percent_covered_display": "0", "missing_lines": 9, "excluded_lines": 0}, "missing_lines": [130, 131, 133, 135, 136, 137, 138, 139, 141], "excluded_lines": []}, "StatuslineLoop._should_update": {"executed_lines": [], "summary": {"covered_lines": 0, "num_statements": 4, "percent_covered": 0.0, "percent_covered_display": "0", "missing_lines": 4, "excluded_lines": 0}, "missing_lines": [153, 154, 156, 157], "excluded_lines": []}, "StatuslineLoop._render_and_output": {"executed_lines": [], "summary": {"covered_lines": 0, "num_statements": 17, "percent_covered": 0.0, "percent_covered_display": "0", "missing_lines": 17, "excluded_lines": 0}, "missing_lines": [162, 165, 166, 168, 169, 172, 177, 178, 179, 180, 181, 184, 187, 190, 191, 192, 197], "excluded_lines": []}, "StatuslineLoop._write_output": {"executed_lines": [], "summary": {"covered_lines": 0, "num_statements": 2, "percent_covered": 0.0, "percent_covered_display": "0", "missing_lines": 2, "excluded_lines": 0}, "missing_lines": [206, 207], "excluded_lines": []}, "StatuslineLoop._handle_error": {"executed_lines": [], "summary": {"covered_lines": 0, "num_statements": 4, "percent_covered": 0.0, "percent_covered_display": "0", "missing_lines": 4, "excluded_lines": 0}, "missing_lines": [216, 217, 218, 220], "excluded_lines": []}, "StatuslineLoop._stop": {"executed_lines": [], "summary": {"covered_lines": 0, "num_statements": 1, "percent_covered": 0.0, "percent_covered_display": "0", "missing_lines": 1, "excluded_lines": 0}, "missing_lines": [224], "excluded_lines": []}, "StatuslineLoop._cleanup": {"executed_lines": [], "summary": {"covered_lines": 0, "num_statements": 5, "percent_covered": 0.0, "percent_covered_display": "0", "missing_lines": 5, "excluded_lines": 0}, "missing_lines": [228, 229, 230, 231, 232], "excluded_lines": []}, "StatuslineLoop.pause": {"executed_lines": [], "summary": {"covered_lines": 0, "num_statements": 1, "percent_covered": 0.0, "percent_covered_display": "0", "missing_lines": 1, "excluded_lines": 0}, "missing_lines": [236], "excluded_lines": []}, "StatuslineLoop.resume": {"executed_lines": [], "summary": {"covered_lines": 0, "num_statements": 3, "percent_covered": 0.0, "percent_covered_display": "0", "missing_lines": 3, "excluded_lines": 0}, "missing_lines": [240, 241, 242], "excluded_lines": []}, "StatuslineLoop.get_stats": {"executed_lines": [], "summary": {"covered_lines": 0, "num_statements": 4, "percent_covered": 0.0, "percent_covered_display": "0", "missing_lines": 4, "excluded_lines": 0}, "missing_lines": [251, 252, 254, 256], "excluded_lines": []}, "StatuslineLoop.process": {"executed_lines": [274, 277, 281, 282, 283, 285, 288], "summary": {"covered_lines": 7, "num_statements": 9, "percent_covered": 77.77777777777777, "percent_covered_display": "78", "missing_lines": 2, "excluded_lines": 0}, "missing_lines": [278, 286], "excluded_lines": []}, "": {"executed_lines": [1, 7, 8, 9, 10, 11, 13, 14, 15, 16, 17, 18, 19, 20, 21, 24, 25, 31, 62, 80, 94, 123, 143, 159, 199, 209, 222, 226, 234, 238, 244, 263], "summary": {"covered_lines": 30, "num_statements": 30, "percent_covered": 100.0, "percent_covered_display": "100", "missing_lines": 0, "excluded_lines": 0}, "missing_lines": [], "excluded_lines": []}}, "classes": {"StatuslineLoop": {"executed_lines": [38, 41, 42, 43, 47, 48, 49, 52, 53, 56, 57, 60, 65, 66, 68, 69, 72, 75, 78, 274, 277, 281, 282, 283, 285, 288], "summary": {"covered_lines": 26, "num_statements": 103, "percent_covered": 25.24271844660194, "percent_covered_display": "25", "missing_lines": 77, "excluded_lines": 0}, "missing_lines": [82, 83, 85, 86, 87, 88, 89, 90, 92, 96, 98, 99, 100, 101, 104, 105, 106, 107, 110, 111, 114, 115, 117, 118, 121, 130, 131, 133, 135, 136, 137, 138, 139, 141, 153, 154, 156, 157, 162, 165, 166, 168, 169, 172, 177, 178, 179, 180, 181, 184, 187, 190, 191, 192, 197, 206, 207, 216, 217, 218, 220, 224, 228, 229, 230, 231, 232, 236, 240, 241, 242, 251, 252, 254, 256, 278, 286], "excluded_lines": []}, "": {"executed_lines": [1, 7, 8, 9, 10, 11, 13, 14, 15, 16, 17, 18, 19, 20, 21, 24, 25, 31, 62, 80, 94, 123, 143, 159, 199, 209, 222, 226, 234, 238, 244, 263], "summary": {"covered_lines": 30, "num_statements": 30, "percent_covered": 100.0, "percent_covered_display": "100", "missing_lines": 0, "excluded_lines": 0}, "missing_lines": [], "excluded_lines": []}}}, "scripts/statusline/layout/__init__.py": {"executed_lines": [1, 7, 8, 9, 10, 12], "summary": {"covered_lines": 5, "num_statements": 5, "percent_covered": 100.0, "percent_covered_display": "100", "missing_lines": 0, "excluded_lines": 0}, "missing_lines": [], "excluded_lines": [], "functions": {"": {"executed_lines": [1, 7, 8, 9, 10, 12], "summary": {"covered_lines": 5, "num_statements": 5, "percent_covered": 100.0, "percent_covered_display": "100", "missing_lines": 0, "excluded_lines": 0}, "missing_lines": [], "excluded_lines": []}}, "classes": {"": {"executed_lines": [1, 7, 8, 9, 10, 12], "summary": {"covered_lines": 5, "num_statements": 5, "percent_covered": 100.0, "percent_covered_display": "100", "missing_lines": 0, "excluded_lines": 0}, "missing_lines": [], "excluded_lines": []}}}, "scripts/statusline/layout/base.py": {"executed_lines": [1, 7, 8, 10, 13, 14, 20, 27, 28, 35, 36, 48, 49, 58, 71, 83, 93, 103, 122, 133, 144], "summary": {"covered_lines": 19, "num_statements": 43, "percent_covered": 44.18604651162791, "percent_covered_display": "44", "missing_lines": 24, "excluded_lines": 0}, "missing_lines": [46, 56, 65, 66, 67, 68, 69, 81, 90, 91, 100, 101, 110, 113, 114, 115, 116, 117, 118, 119, 120, 129, 130, 131], "excluded_lines": [], "functions": {"Layout.__init__": {"executed_lines": [27, 28], "summary": {"covered_lines": 2, "num_statements": 2, "percent_covered": 100.0, "percent_covered_display": "100", "missing_lines": 0, "excluded_lines": 0}, "missing_lines": [], "excluded_lines": []}, "Layout.render": {"executed_lines": [], "summary": {"covered_lines": 0, "num_statements": 1, "percent_covered": 0.0, "percent_covered_display": "0", "missing_lines": 1, "excluded_lines": 0}, "missing_lines": [46], "excluded_lines": []}, "Layout.get_width": {"executed_lines": [], "summary": {"covered_lines": 0, "num_statements": 1, "percent_covered": 0.0, "percent_covered_display": "0", "missing_lines": 1, "excluded_lines": 0}, "missing_lines": [56], "excluded_lines": []}, "Layout.validate": {"executed_lines": [], "summary": {"covered_lines": 0, "num_statements": 5, "percent_covered": 0.0, "percent_covered_display": "0", "missing_lines": 5, "excluded_lines": 0}, "missing_lines": [65, 66, 67, 68, 69], "excluded_lines": []}, "Layout.supports_component": {"executed_lines": [], "summary": {"covered_lines": 0, "num_statements": 1, "percent_covered": 0.0, "percent_covered_display": "0", "missing_lines": 1, "excluded_lines": 0}, "missing_lines": [81], "excluded_lines": []}, "Layout.enable_component": {"executed_lines": [], "summary": {"covered_lines": 0, "num_statements": 2, "percent_covered": 0.0, "percent_covered_display": "0", "missing_lines": 2, "excluded_lines": 0}, "missing_lines": [90, 91], "excluded_lines": []}, "Layout.disable_component": {"executed_lines": [], "summary": {"covered_lines": 0, "num_statements": 2, "percent_covered": 0.0, "percent_covered_display": "0", "missing_lines": 2, "excluded_lines": 0}, "missing_lines": [100, 101], "excluded_lines": []}, "Layout.update_config": {"executed_lines": [], "summary": {"covered_lines": 0, "num_statements": 9, "percent_covered": 0.0, "percent_covered_display": "0", "missing_lines": 9, "excluded_lines": 0}, "missing_lines": [110, 113, 114, 115, 116, 117, 118, 119, 120], "excluded_lines": []}, "Layout._validate_config": {"executed_lines": [], "summary": {"covered_lines": 0, "num_statements": 3, "percent_covered": 0.0, "percent_covered_display": "0", "missing_lines": 3, "excluded_lines": 0}, "missing_lines": [129, 130, 131], "excluded_lines": []}, "Layout._get_config": {"executed_lines": [144], "summary": {"covered_lines": 1, "num_statements": 1, "percent_covered": 100.0, "percent_covered_display": "100", "missing_lines": 0, "excluded_lines": 0}, "missing_lines": [], "excluded_lines": []}, "": {"executed_lines": [1, 7, 8, 10, 13, 14, 20, 35, 36, 48, 49, 58, 71, 83, 93, 103, 122, 133], "summary": {"covered_lines": 16, "num_statements": 16, "percent_covered": 100.0, "percent_covered_display": "100", "missing_lines": 0, "excluded_lines": 0}, "missing_lines": [], "excluded_lines": []}}, "classes": {"Layout": {"executed_lines": [27, 28, 144], "summary": {"covered_lines": 3, "num_statements": 27, "percent_covered": 11.11111111111111, "percent_covered_display": "11", "missing_lines": 24, "excluded_lines": 0}, "missing_lines": [46, 56, 65, 66, 67, 68, 69, 81, 90, 91, 100, 101, 110, 113, 114, 115, 116, 117, 118, 119, 120, 129, 130, 131], "excluded_lines": []}, "": {"executed_lines": [1, 7, 8, 10, 13, 14, 20, 35, 36, 48, 49, 58, 71, 83, 93, 103, 122, 133], "summary": {"covered_lines": 16, "num_statements": 16, "percent_covered": 100.0, "percent_covered_display": "100", "missing_lines": 0, "excluded_lines": 0}, "missing_lines": [], "excluded_lines": []}}}, "scripts/statusline/layout/compact.py": {"executed_lines": [1, 7, 8, 9, 15, 18, 19, 26, 33, 48, 95, 104, 136, 152], "summary": {"covered_lines": 12, "num_statements": 62, "percent_covered": 19.35483870967742, "percent_covered_display": "19", "missing_lines": 50, "excluded_lines": 0}, "missing_lines": [40, 41, 42, 43, 44, 58, 61, 62, 63, 64, 66, 67, 68, 69, 71, 72, 73, 74, 77, 78, 80, 81, 82, 84, 85, 87, 88, 89, 91, 93, 102, 114, 115, 116, 117, 118, 120, 121, 124, 131, 132, 134, 146, 147, 149, 150, 162, 163, 165, 166], "excluded_lines": [], "functions": {"CompactLayout.__init__": {"executed_lines": [], "summary": {"covered_lines": 0, "num_statements": 5, "percent_covered": 0.0, "percent_covered_display": "0", "missing_lines": 5, "excluded_lines": 0}, "missing_lines": [40, 41, 42, 43, 44], "excluded_lines": []}, "CompactLayout.render": {"executed_lines": [], "summary": {"covered_lines": 0, "num_statements": 25, "percent_covered": 0.0, "percent_covered_display": "0", "missing_lines": 25, "excluded_lines": 0}, "missing_lines": [58, 61, 62, 63, 64, 66, 67, 68, 69, 71, 72, 73, 74, 77, 78, 80, 81, 82, 84, 85, 87, 88, 89, 91, 93], "excluded_lines": []}, "CompactLayout.get_width": {"executed_lines": [], "summary": {"covered_lines": 0, "num_statements": 1, "percent_covered": 0.0, "percent_covered_display": "0", "missing_lines": 1, "excluded_lines": 0}, "missing_lines": [102], "excluded_lines": []}, "CompactLayout._render_user_status": {"executed_lines": [], "summary": {"covered_lines": 0, "num_statements": 11, "percent_covered": 0.0, "percent_covered_display": "0", "missing_lines": 11, "excluded_lines": 0}, "missing_lines": [114, 115, 116, 117, 118, 120, 121, 124, 131, 132, 134], "excluded_lines": []}, "CompactLayout._render_progress": {"executed_lines": [], "summary": {"covered_lines": 0, "num_statements": 4, "percent_covered": 0.0, "percent_covered_display": "0", "missing_lines": 4, "excluded_lines": 0}, "missing_lines": [146, 147, 149, 150], "excluded_lines": []}, "CompactLayout._render_resources": {"executed_lines": [], "summary": {"covered_lines": 0, "num_statements": 4, "percent_covered": 0.0, "percent_covered_display": "0", "missing_lines": 4, "excluded_lines": 0}, "missing_lines": [162, 163, 165, 166], "excluded_lines": []}, "": {"executed_lines": [1, 7, 8, 9, 15, 18, 19, 26, 33, 48, 95, 104, 136, 152], "summary": {"covered_lines": 12, "num_statements": 12, "percent_covered": 100.0, "percent_covered_display": "100", "missing_lines": 0, "excluded_lines": 0}, "missing_lines": [], "excluded_lines": []}}, "classes": {"CompactLayout": {"executed_lines": [], "summary": {"covered_lines": 0, "num_statements": 50, "percent_covered": 0.0, "percent_covered_display": "0", "missing_lines": 50, "excluded_lines": 0}, "missing_lines": [40, 41, 42, 43, 44, 58, 61, 62, 63, 64, 66, 67, 68, 69, 71, 72, 73, 74, 77, 78, 80, 81, 82, 84, 85, 87, 88, 89, 91, 93, 102, 114, 115, 116, 117, 118, 120, 121, 124, 131, 132, 134, 146, 147, 149, 150, 162, 163, 165, 166], "excluded_lines": []}, "": {"executed_lines": [1, 7, 8, 9, 15, 18, 19, 26, 33, 48, 95, 104, 136, 152], "summary": {"covered_lines": 12, "num_statements": 12, "percent_covered": 100.0, "percent_covered_display": "100", "missing_lines": 0, "excluded_lines": 0}, "missing_lines": [], "excluded_lines": []}}}, "scripts/statusline/layout/expanded.py": {"executed_lines": [1, 7, 8, 9, 17, 20, 21, 27, 34, 35, 37, 47, 50, 51, 52, 53, 56, 57, 58, 62, 63, 64, 68, 69, 70, 73, 75, 84, 94, 101, 102, 104, 105, 107, 109, 119, 120, 128, 138, 139, 149, 159, 160], "summary": {"covered_lines": 41, "num_statements": 59, "percent_covered": 69.49152542372882, "percent_covered_display": "69", "missing_lines": 18, "excluded_lines": 0}, "missing_lines": [59, 65, 71, 82, 103, 122, 123, 124, 126, 141, 142, 144, 145, 147, 162, 163, 164, 166], "excluded_lines": [], "functions": {"ExpandedLayout.__init__": {"executed_lines": [34, 35], "summary": {"covered_lines": 2, "num_statements": 2, "percent_covered": 100.0, "percent_covered_display": "100", "missing_lines": 0, "excluded_lines": 0}, "missing_lines": [], "excluded_lines": []}, "ExpandedLayout.render": {"executed_lines": [47, 50, 51, 52, 53, 56, 57, 58, 62, 63, 64, 68, 69, 70, 73], "summary": {"covered_lines": 15, "num_statements": 18, "percent_covered": 83.33333333333333, "percent_covered_display": "83", "missing_lines": 3, "excluded_lines": 0}, "missing_lines": [59, 65, 71], "excluded_lines": []}, "ExpandedLayout.get_width": {"executed_lines": [], "summary": {"covered_lines": 0, "num_statements": 1, "percent_covered": 0.0, "percent_covered_display": "0", "missing_lines": 1, "excluded_lines": 0}, "missing_lines": [82], "excluded_lines": []}, "ExpandedLayout._render_user_status": {"executed_lines": [94, 101, 102, 104, 105, 107], "summary": {"covered_lines": 6, "num_statements": 7, "percent_covered": 85.71428571428571, "percent_covered_display": "86", "missing_lines": 1, "excluded_lines": 0}, "missing_lines": [103], "excluded_lines": []}, "ExpandedLayout._render_progress": {"executed_lines": [119, 120], "summary": {"covered_lines": 2, "num_statements": 6, "percent_covered": 33.333333333333336, "percent_covered_display": "33", "missing_lines": 4, "excluded_lines": 0}, "missing_lines": [122, 123, 124, 126], "excluded_lines": []}, "ExpandedLayout._render_resources": {"executed_lines": [138, 139], "summary": {"covered_lines": 2, "num_statements": 7, "percent_covered": 28.571428571428573, "percent_covered_display": "29", "missing_lines": 5, "excluded_lines": 0}, "missing_lines": [141, 142, 144, 145, 147], "excluded_lines": []}, "ExpandedLayout._render_errors": {"executed_lines": [159, 160], "summary": {"covered_lines": 2, "num_statements": 6, "percent_covered": 33.333333333333336, "percent_covered_display": "33", "missing_lines": 4, "excluded_lines": 0}, "missing_lines": [162, 163, 164, 166], "excluded_lines": []}, "": {"executed_lines": [1, 7, 8, 9, 17, 20, 21, 27, 37, 75, 84, 109, 128, 149], "summary": {"covered_lines": 12, "num_statements": 12, "percent_covered": 100.0, "percent_covered_display": "100", "missing_lines": 0, "excluded_lines": 0}, "missing_lines": [], "excluded_lines": []}}, "classes": {"ExpandedLayout": {"executed_lines": [34, 35, 47, 50, 51, 52, 53, 56, 57, 58, 62, 63, 64, 68, 69, 70, 73, 94, 101, 102, 104, 105, 107, 119, 120, 138, 139, 159, 160], "summary": {"covered_lines": 29, "num_statements": 47, "percent_covered": 61.702127659574465, "percent_covered_display": "62", "missing_lines": 18, "excluded_lines": 0}, "missing_lines": [59, 65, 71, 82, 103, 122, 123, 124, 126, 141, 142, 144, 145, 147, 162, 163, 164, 166], "excluded_lines": []}, "": {"executed_lines": [1, 7, 8, 9, 17, 20, 21, 27, 37, 75, 84, 109, 128, 149], "summary": {"covered_lines": 12, "num_statements": 12, "percent_covered": 100.0, "percent_covered_display": "100", "missing_lines": 0, "excluded_lines": 0}, "missing_lines": [], "excluded_lines": []}}}, "scripts/statusline/layout/factory.py": {"executed_lines": [1, 7, 8, 10, 13, 14, 20, 22, 23, 34, 37, 38, 40, 42, 43, 53, 54, 68, 71, 72, 74, 75, 85, 86, 94, 96, 97, 106, 107, 119, 120], "summary": {"covered_lines": 29, "num_statements": 36, "percent_covered": 80.55555555555556, "percent_covered_display": "81", "missing_lines": 7, "excluded_lines": 0}, "missing_lines": [35, 50, 51, 69, 104, 117, 122], "excluded_lines": [], "functions": {"LayoutFactory.register": {"executed_lines": [34, 37, 38, 40], "summary": {"covered_lines": 4, "num_statements": 5, "percent_covered": 80.0, "percent_covered_display": "80", "missing_lines": 1, "excluded_lines": 0}, "missing_lines": [35], "excluded_lines": []}, "LayoutFactory.unregister": {"executed_lines": [], "summary": {"covered_lines": 0, "num_statements": 2, "percent_covered": 0.0, "percent_covered_display": "0", "missing_lines": 2, "excluded_lines": 0}, "missing_lines": [50, 51], "excluded_lines": []}, "LayoutFactory.create": {"executed_lines": [68, 71, 72], "summary": {"covered_lines": 3, "num_statements": 4, "percent_covered": 75.0, "percent_covered_display": "75", "missing_lines": 1, "excluded_lines": 0}, "missing_lines": [69], "excluded_lines": []}, "LayoutFactory.create_from_config": {"executed_lines": [85, 86, 94], "summary": {"covered_lines": 3, "num_statements": 3, "percent_covered": 100.0, "percent_covered_display": "100", "missing_lines": 0, "excluded_lines": 0}, "missing_lines": [], "excluded_lines": []}, "LayoutFactory.list_available": {"executed_lines": [], "summary": {"covered_lines": 0, "num_statements": 1, "percent_covered": 0.0, "percent_covered_display": "0", "missing_lines": 1, "excluded_lines": 0}, "missing_lines": [104], "excluded_lines": []}, "LayoutFactory.is_registered": {"executed_lines": [], "summary": {"covered_lines": 0, "num_statements": 1, "percent_covered": 0.0, "percent_covered_display": "0", "missing_lines": 1, "excluded_lines": 0}, "missing_lines": [117], "excluded_lines": []}, "LayoutFactory.clear": {"executed_lines": [], "summary": {"covered_lines": 0, "num_statements": 1, "percent_covered": 0.0, "percent_covered_display": "0", "missing_lines": 1, "excluded_lines": 0}, "missing_lines": [122], "excluded_lines": []}, "": {"executed_lines": [1, 7, 8, 10, 13, 14, 20, 22, 23, 42, 43, 53, 54, 74, 75, 96, 97, 106, 107, 119, 120], "summary": {"covered_lines": 19, "num_statements": 19, "percent_covered": 100.0, "percent_covered_display": "100", "missing_lines": 0, "excluded_lines": 0}, "missing_lines": [], "excluded_lines": []}}, "classes": {"LayoutFactory": {"executed_lines": [34, 37, 38, 40, 68, 71, 72, 85, 86, 94], "summary": {"covered_lines": 10, "num_statements": 17, "percent_covered": 58.8235294117647, "percent_covered_display": "59", "missing_lines": 7, "excluded_lines": 0}, "missing_lines": [35, 50, 51, 69, 104, 117, 122], "excluded_lines": []}, "": {"executed_lines": [1, 7, 8, 10, 13, 14, 20, 22, 23, 42, 43, 53, 54, 74, 75, 96, 97, 106, 107, 119, 120], "summary": {"covered_lines": 19, "num_statements": 19, "percent_covered": 100.0, "percent_covered_display": "100", "missing_lines": 0, "excluded_lines": 0}, "missing_lines": [], "excluded_lines": []}}}, "scripts/statusline/parser/__init__.py": {"executed_lines": [1, 7, 8, 19], "summary": {"covered_lines": 3, "num_statements": 3, "percent_covered": 100.0, "percent_covered_display": "100", "missing_lines": 0, "excluded_lines": 0}, "missing_lines": [], "excluded_lines": [], "functions": {"": {"executed_lines": [1, 7, 8, 19], "summary": {"covered_lines": 3, "num_statements": 3, "percent_covered": 100.0, "percent_covered_display": "100", "missing_lines": 0, "excluded_lines": 0}, "missing_lines": [], "excluded_lines": []}}, "classes": {"": {"executed_lines": [1, 7, 8, 19], "summary": {"covered_lines": 3, "num_statements": 3, "percent_covered": 100.0, "percent_covered_display": "100", "missing_lines": 0, "excluded_lines": 0}, "missing_lines": [], "excluded_lines": []}}}, "scripts/statusline/parser/events.py": {"executed_lines": [1, 7, 8, 9, 10, 11, 12, 15, 16, 17, 18, 19, 20, 21, 22, 25, 26, 27, 32, 33, 34, 35, 37, 46, 47, 58, 59, 60, 61, 62, 64, 70, 71, 72, 73, 74, 75, 77, 86, 87, 88, 89, 90, 91, 93, 102, 103, 104, 105, 106, 107, 108, 110, 120, 121, 122, 123, 124, 125, 127, 136, 137, 138, 139, 140, 141, 143, 152, 153, 159, 163, 172, 181, 193, 206, 218, 227, 231, 235, 240, 241, 242, 246, 247, 253, 257, 269, 283, 298], "summary": {"covered_lines": 76, "num_statements": 123, "percent_covered": 61.78861788617886, "percent_covered_display": "62", "missing_lines": 47, "excluded_lines": 4}, "missing_lines": [39, 49, 50, 65, 66, 67, 78, 79, 80, 94, 95, 96, 111, 112, 113, 128, 129, 130, 144, 145, 146, 161, 170, 179, 191, 204, 216, 225, 229, 233, 237, 255, 265, 266, 267, 277, 278, 279, 280, 281, 290, 291, 292, 293, 294, 296, 300], "excluded_lines": [242, 243, 244, 245], "functions": {"TranscriptEvent.to_dict": {"executed_lines": [], "summary": {"covered_lines": 0, "num_statements": 1, "percent_covered": 0.0, "percent_covered_display": "0", "missing_lines": 1, "excluded_lines": 0}, "missing_lines": [39], "excluded_lines": []}, "TranscriptEvent.from_dict": {"executed_lines": [], "summary": {"covered_lines": 0, "num_statements": 2, "percent_covered": 0.0, "percent_covered_display": "0", "missing_lines": 2, "excluded_lines": 0}, "missing_lines": [49, 50], "excluded_lines": []}, "UserMessageEvent.__post_init__": {"executed_lines": [], "summary": {"covered_lines": 0, "num_statements": 3, "percent_covered": 0.0, "percent_covered_display": "0", "missing_lines": 3, "excluded_lines": 0}, "missing_lines": [65, 66, 67], "excluded_lines": []}, "AssistantMessageEvent.__post_init__": {"executed_lines": [], "summary": {"covered_lines": 0, "num_statements": 3, "percent_covered": 0.0, "percent_covered_display": "0", "missing_lines": 3, "excluded_lines": 0}, "missing_lines": [78, 79, 80], "excluded_lines": []}, "ToolCallEvent.__post_init__": {"executed_lines": [], "summary": {"covered_lines": 0, "num_statements": 3, "percent_covered": 0.0, "percent_covered_display": "0", "missing_lines": 3, "excluded_lines": 0}, "missing_lines": [94, 95, 96], "excluded_lines": []}, "ToolResultEvent.__post_init__": {"executed_lines": [], "summary": {"covered_lines": 0, "num_statements": 3, "percent_covered": 0.0, "percent_covered_display": "0", "missing_lines": 3, "excluded_lines": 0}, "missing_lines": [111, 112, 113], "excluded_lines": []}, "StatusChangeEvent.__post_init__": {"executed_lines": [], "summary": {"covered_lines": 0, "num_statements": 3, "percent_covered": 0.0, "percent_covered_display": "0", "missing_lines": 3, "excluded_lines": 0}, "missing_lines": [128, 129, 130], "excluded_lines": []}, "ErrorEvent.__post_init__": {"executed_lines": [], "summary": {"covered_lines": 0, "num_statements": 3, "percent_covered": 0.0, "percent_covered_display": "0", "missing_lines": 3, "excluded_lines": 0}, "missing_lines": [144, 145, 146], "excluded_lines": []}, "EventSequence.__init__": {"executed_lines": [], "summary": {"covered_lines": 0, "num_statements": 1, "percent_covered": 0.0, "percent_covered_display": "0", "missing_lines": 1, "excluded_lines": 0}, "missing_lines": [161], "excluded_lines": []}, "EventSequence.append": {"executed_lines": [], "summary": {"covered_lines": 0, "num_statements": 1, "percent_covered": 0.0, "percent_covered_display": "0", "missing_lines": 1, "excluded_lines": 0}, "missing_lines": [170], "excluded_lines": []}, "EventSequence.extend": {"executed_lines": [], "summary": {"covered_lines": 0, "num_statements": 1, "percent_covered": 0.0, "percent_covered_display": "0", "missing_lines": 1, "excluded_lines": 0}, "missing_lines": [179], "excluded_lines": []}, "EventSequence.filter_by_type": {"executed_lines": [], "summary": {"covered_lines": 0, "num_statements": 1, "percent_covered": 0.0, "percent_covered_display": "0", "missing_lines": 1, "excluded_lines": 0}, "missing_lines": [191], "excluded_lines": []}, "EventSequence.filter_by_time": {"executed_lines": [], "summary": {"covered_lines": 0, "num_statements": 1, "percent_covered": 0.0, "percent_covered_display": "0", "missing_lines": 1, "excluded_lines": 0}, "missing_lines": [204], "excluded_lines": []}, "EventSequence.get_latest": {"executed_lines": [], "summary": {"covered_lines": 0, "num_statements": 1, "percent_covered": 0.0, "percent_covered_display": "0", "missing_lines": 1, "excluded_lines": 0}, "missing_lines": [216], "excluded_lines": []}, "EventSequence.get_all": {"executed_lines": [], "summary": {"covered_lines": 0, "num_statements": 1, "percent_covered": 0.0, "percent_covered_display": "0", "missing_lines": 1, "excluded_lines": 0}, "missing_lines": [225], "excluded_lines": []}, "EventSequence.clear": {"executed_lines": [], "summary": {"covered_lines": 0, "num_statements": 1, "percent_covered": 0.0, "percent_covered_display": "0", "missing_lines": 1, "excluded_lines": 0}, "missing_lines": [229], "excluded_lines": []}, "EventSequence.__len__": {"executed_lines": [], "summary": {"covered_lines": 0, "num_statements": 1, "percent_covered": 0.0, "percent_covered_display": "0", "missing_lines": 1, "excluded_lines": 0}, "missing_lines": [233], "excluded_lines": []}, "EventSequence.__iter__": {"executed_lines": [], "summary": {"covered_lines": 0, "num_statements": 1, "percent_covered": 0.0, "percent_covered_display": "0", "missing_lines": 1, "excluded_lines": 0}, "missing_lines": [237], "excluded_lines": []}, "EventListener.__call__": {"executed_lines": [], "summary": {"covered_lines": 0, "num_statements": 0, "percent_covered": 100.0, "percent_covered_display": "100", "missing_lines": 0, "excluded_lines": 1}, "missing_lines": [], "excluded_lines": [243]}, "EventBus.__init__": {"executed_lines": [], "summary": {"covered_lines": 0, "num_statements": 1, "percent_covered": 0.0, "percent_covered_display": "0", "missing_lines": 1, "excluded_lines": 0}, "missing_lines": [255], "excluded_lines": []}, "EventBus.subscribe": {"executed_lines": [], "summary": {"covered_lines": 0, "num_statements": 3, "percent_covered": 0.0, "percent_covered_display": "0", "missing_lines": 3, "excluded_lines": 0}, "missing_lines": [265, 266, 267], "excluded_lines": []}, "EventBus.unsubscribe": {"executed_lines": [], "summary": {"covered_lines": 0, "num_statements": 5, "percent_covered": 0.0, "percent_covered_display": "0", "missing_lines": 5, "excluded_lines": 0}, "missing_lines": [277, 278, 279, 280, 281], "excluded_lines": []}, "EventBus.publish": {"executed_lines": [], "summary": {"covered_lines": 0, "num_statements": 6, "percent_covered": 0.0, "percent_covered_display": "0", "missing_lines": 6, "excluded_lines": 0}, "missing_lines": [290, 291, 292, 293, 294, 296], "excluded_lines": []}, "EventBus.clear": {"executed_lines": [], "summary": {"covered_lines": 0, "num_statements": 1, "percent_covered": 0.0, "percent_covered_display": "0", "missing_lines": 1, "excluded_lines": 0}, "missing_lines": [300], "excluded_lines": []}, "": {"executed_lines": [1, 7, 8, 9, 10, 11, 12, 15, 16, 17, 18, 19, 20, 21, 22, 25, 26, 27, 32, 33, 34, 35, 37, 46, 47, 58, 59, 60, 61, 62, 64, 70, 71, 72, 73, 74, 75, 77, 86, 87, 88, 89, 90, 91, 93, 102, 103, 104, 105, 106, 107, 108, 110, 120, 121, 122, 123, 124, 125, 127, 136, 137, 138, 139, 140, 141, 143, 152, 153, 159, 163, 172, 181, 193, 206, 218, 227, 231, 235, 240, 241, 242, 246, 247, 253, 257, 269, 283, 298], "summary": {"covered_lines": 76, "num_statements": 76, "percent_covered": 100.0, "percent_covered_display": "100", "missing_lines": 0, "excluded_lines": 3}, "missing_lines": [], "excluded_lines": [242, 244, 245]}}, "classes": {"EventType": {"executed_lines": [], "summary": {"covered_lines": 0, "num_statements": 0, "percent_covered": 100.0, "percent_covered_display": "100", "missing_lines": 0, "excluded_lines": 0}, "missing_lines": [], "excluded_lines": []}, "TranscriptEvent": {"executed_lines": [], "summary": {"covered_lines": 0, "num_statements": 3, "percent_covered": 0.0, "percent_covered_display": "0", "missing_lines": 3, "excluded_lines": 0}, "missing_lines": [39, 49, 50], "excluded_lines": []}, "UserMessageEvent": {"executed_lines": [], "summary": {"covered_lines": 0, "num_statements": 3, "percent_covered": 0.0, "percent_covered_display": "0", "missing_lines": 3, "excluded_lines": 0}, "missing_lines": [65, 66, 67], "excluded_lines": []}, "AssistantMessageEvent": {"executed_lines": [], "summary": {"covered_lines": 0, "num_statements": 3, "percent_covered": 0.0, "percent_covered_display": "0", "missing_lines": 3, "excluded_lines": 0}, "missing_lines": [78, 79, 80], "excluded_lines": []}, "ToolCallEvent": {"executed_lines": [], "summary": {"covered_lines": 0, "num_statements": 3, "percent_covered": 0.0, "percent_covered_display": "0", "missing_lines": 3, "excluded_lines": 0}, "missing_lines": [94, 95, 96], "excluded_lines": []}, "ToolResultEvent": {"executed_lines": [], "summary": {"covered_lines": 0, "num_statements": 3, "percent_covered": 0.0, "percent_covered_display": "0", "missing_lines": 3, "excluded_lines": 0}, "missing_lines": [111, 112, 113], "excluded_lines": []}, "StatusChangeEvent": {"executed_lines": [], "summary": {"covered_lines": 0, "num_statements": 3, "percent_covered": 0.0, "percent_covered_display": "0", "missing_lines": 3, "excluded_lines": 0}, "missing_lines": [128, 129, 130], "excluded_lines": []}, "ErrorEvent": {"executed_lines": [], "summary": {"covered_lines": 0, "num_statements": 3, "percent_covered": 0.0, "percent_covered_display": "0", "missing_lines": 3, "excluded_lines": 0}, "missing_lines": [144, 145, 146], "excluded_lines": []}, "EventSequence": {"executed_lines": [], "summary": {"covered_lines": 0, "num_statements": 10, "percent_covered": 0.0, "percent_covered_display": "0", "missing_lines": 10, "excluded_lines": 0}, "missing_lines": [161, 170, 179, 191, 204, 216, 225, 229, 233, 237], "excluded_lines": []}, "EventListener": {"executed_lines": [], "summary": {"covered_lines": 0, "num_statements": 0, "percent_covered": 100.0, "percent_covered_display": "100", "missing_lines": 0, "excluded_lines": 1}, "missing_lines": [], "excluded_lines": [243]}, "EventBus": {"executed_lines": [], "summary": {"covered_lines": 0, "num_statements": 16, "percent_covered": 0.0, "percent_covered_display": "0", "missing_lines": 16, "excluded_lines": 0}, "missing_lines": [255, 265, 266, 267, 277, 278, 279, 280, 281, 290, 291, 292, 293, 294, 296, 300], "excluded_lines": []}, "": {"executed_lines": [1, 7, 8, 9, 10, 11, 12, 15, 16, 17, 18, 19, 20, 21, 22, 25, 26, 27, 32, 33, 34, 35, 37, 46, 47, 58, 59, 60, 61, 62, 64, 70, 71, 72, 73, 74, 75, 77, 86, 87, 88, 89, 90, 91, 93, 102, 103, 104, 105, 106, 107, 108, 110, 120, 121, 122, 123, 124, 125, 127, 136, 137, 138, 139, 140, 141, 143, 152, 153, 159, 163, 172, 181, 193, 206, 218, 227, 231, 235, 240, 241, 242, 246, 247, 253, 257, 269, 283, 298], "summary": {"covered_lines": 76, "num_statements": 76, "percent_covered": 100.0, "percent_covered_display": "100", "missing_lines": 0, "excluded_lines": 3}, "missing_lines": [], "excluded_lines": [242, 244, 245]}}}, "scripts/statusline/parser/incremental.py": {"executed_lines": [1, 7, 8, 9, 10, 12, 15, 16, 17, 18, 19, 20, 21, 22, 25, 26, 27, 28, 29, 30, 31, 32, 35, 36, 42, 49, 50, 52, 62, 66, 67, 70, 73, 75, 77, 86, 91, 100, 107, 109, 111, 129, 131, 137, 139, 169, 207], "summary": {"covered_lines": 43, "num_statements": 108, "percent_covered": 39.81481481481482, "percent_covered_display": "40", "missing_lines": 65, "excluded_lines": 0}, "missing_lines": [63, 84, 88, 89, 98, 113, 115, 116, 117, 118, 120, 121, 122, 123, 126, 127, 132, 134, 135, 149, 150, 153, 154, 156, 157, 161, 162, 167, 180, 181, 182, 184, 185, 186, 187, 189, 190, 191, 193, 194, 195, 197, 198, 199, 200, 201, 202, 203, 205, 217, 218, 220, 222, 223, 225, 226, 229, 230, 231, 234, 235, 236, 238, 239, 241], "excluded_lines": [], "functions": {"IncrementalParser.__init__": {"executed_lines": [49, 50], "summary": {"covered_lines": 2, "num_statements": 2, "percent_covered": 100.0, "percent_covered_display": "100", "missing_lines": 0, "excluded_lines": 0}, "missing_lines": [], "excluded_lines": []}, "IncrementalParser.parse": {"executed_lines": [62, 66, 67, 70, 73, 75], "summary": {"covered_lines": 6, "num_statements": 7, "percent_covered": 85.71428571428571, "percent_covered_display": "86", "missing_lines": 1, "excluded_lines": 0}, "missing_lines": [63], "excluded_lines": []}, "IncrementalParser.get_state": {"executed_lines": [], "summary": {"covered_lines": 0, "num_statements": 1, "percent_covered": 0.0, "percent_covered_display": "0", "missing_lines": 1, "excluded_lines": 0}, "missing_lines": [84], "excluded_lines": []}, "IncrementalParser.reset": {"executed_lines": [], "summary": {"covered_lines": 0, "num_statements": 2, "percent_covered": 0.0, "percent_covered_display": "0", "missing_lines": 2, "excluded_lines": 0}, "missing_lines": [88, 89], "excluded_lines": []}, "IncrementalParser.get_events": {"executed_lines": [], "summary": {"covered_lines": 0, "num_statements": 1, "percent_covered": 0.0, "percent_covered_display": "0", "missing_lines": 1, "excluded_lines": 0}, "missing_lines": [98], "excluded_lines": []}, "IncrementalParser._parse_buffer": {"executed_lines": [107, 109, 111, 129, 131, 137], "summary": {"covered_lines": 6, "num_statements": 20, "percent_covered": 30.0, "percent_covered_display": "30", "missing_lines": 14, "excluded_lines": 0}, "missing_lines": [113, 115, 116, 117, 118, 120, 121, 122, 123, 126, 127, 132, 134, 135], "excluded_lines": []}, "IncrementalParser._parse_message": {"executed_lines": [], "summary": {"covered_lines": 0, "num_statements": 9, "percent_covered": 0.0, "percent_covered_display": "0", "missing_lines": 9, "excluded_lines": 0}, "missing_lines": [149, 150, 153, 154, 156, 157, 161, 162, 167], "excluded_lines": []}, "IncrementalParser._detect_message_boundary": {"executed_lines": [], "summary": {"covered_lines": 0, "num_statements": 21, "percent_covered": 0.0, "percent_covered_display": "0", "missing_lines": 21, "excluded_lines": 0}, "missing_lines": [180, 181, 182, 184, 185, 186, 187, 189, 190, 191, 193, 194, 195, 197, 198, 199, 200, 201, 202, 203, 205], "excluded_lines": []}, "IncrementalParser._extract_json_objects": {"executed_lines": [], "summary": {"covered_lines": 0, "num_statements": 16, "percent_covered": 0.0, "percent_covered_display": "0", "missing_lines": 16, "excluded_lines": 0}, "missing_lines": [217, 218, 220, 222, 223, 225, 226, 229, 230, 231, 234, 235, 236, 238, 239, 241], "excluded_lines": []}, "": {"executed_lines": [1, 7, 8, 9, 10, 12, 15, 16, 17, 18, 19, 20, 21, 22, 25, 26, 27, 28, 29, 30, 31, 32, 35, 36, 42, 52, 77, 86, 91, 100, 139, 169, 207], "summary": {"covered_lines": 29, "num_statements": 29, "percent_covered": 100.0, "percent_covered_display": "100", "missing_lines": 0, "excluded_lines": 0}, "missing_lines": [], "excluded_lines": []}}, "classes": {"ParseState": {"executed_lines": [], "summary": {"covered_lines": 0, "num_statements": 0, "percent_covered": 100.0, "percent_covered_display": "100", "missing_lines": 0, "excluded_lines": 0}, "missing_lines": [], "excluded_lines": []}, "ParserContext": {"executed_lines": [], "summary": {"covered_lines": 0, "num_statements": 0, "percent_covered": 100.0, "percent_covered_display": "100", "missing_lines": 0, "excluded_lines": 0}, "missing_lines": [], "excluded_lines": []}, "IncrementalParser": {"executed_lines": [49, 50, 62, 66, 67, 70, 73, 75, 107, 109, 111, 129, 131, 137], "summary": {"covered_lines": 14, "num_statements": 79, "percent_covered": 17.72151898734177, "percent_covered_display": "18", "missing_lines": 65, "excluded_lines": 0}, "missing_lines": [63, 84, 88, 89, 98, 113, 115, 116, 117, 118, 120, 121, 122, 123, 126, 127, 132, 134, 135, 149, 150, 153, 154, 156, 157, 161, 162, 167, 180, 181, 182, 184, 185, 186, 187, 189, 190, 191, 193, 194, 195, 197, 198, 199, 200, 201, 202, 203, 205, 217, 218, 220, 222, 223, 225, 226, 229, 230, 231, 234, 235, 236, 238, 239, 241], "excluded_lines": []}, "": {"executed_lines": [1, 7, 8, 9, 10, 12, 15, 16, 17, 18, 19, 20, 21, 22, 25, 26, 27, 28, 29, 30, 31, 32, 35, 36, 42, 52, 77, 86, 91, 100, 139, 169, 207], "summary": {"covered_lines": 29, "num_statements": 29, "percent_covered": 100.0, "percent_covered_display": "100", "missing_lines": 0, "excluded_lines": 0}, "missing_lines": [], "excluded_lines": []}}}, "scripts/statusline/renderer/__init__.py": {"executed_lines": [1, 7, 8, 10], "summary": {"covered_lines": 3, "num_statements": 3, "percent_covered": 100.0, "percent_covered_display": "100", "missing_lines": 0, "excluded_lines": 0}, "missing_lines": [], "excluded_lines": [], "functions": {"": {"executed_lines": [1, 7, 8, 10], "summary": {"covered_lines": 3, "num_statements": 3, "percent_covered": 100.0, "percent_covered_display": "100", "missing_lines": 0, "excluded_lines": 0}, "missing_lines": [], "excluded_lines": []}}, "classes": {"": {"executed_lines": [1, 7, 8, 10], "summary": {"covered_lines": 3, "num_statements": 3, "percent_covered": 100.0, "percent_covered_display": "100", "missing_lines": 0, "excluded_lines": 0}, "missing_lines": [], "excluded_lines": []}}}, "scripts/statusline/renderer/incremental.py": {"executed_lines": [1, 7, 8, 9, 10, 11, 13, 14, 15, 18, 19, 20, 21, 22, 23, 26, 27, 28, 33, 34, 35, 36, 38, 39, 41, 43, 44, 46, 48, 49, 54, 55, 61, 68, 69, 71, 87, 102, 116, 121, 122, 128, 136, 137, 138, 139, 140, 142, 153, 156, 159, 164, 166, 181, 182, 216, 242, 266, 276, 279, 280, 283, 284, 286, 288, 307, 319, 321, 327], "summary": {"covered_lines": 64, "num_statements": 117, "percent_covered": 54.7008547008547, "percent_covered_display": "55", "missing_lines": 53, "excluded_lines": 0}, "missing_lines": [51, 81, 83, 84, 85, 96, 97, 99, 100, 109, 110, 112, 113, 114, 118, 158, 161, 184, 185, 186, 189, 190, 191, 192, 193, 194, 195, 197, 198, 199, 202, 203, 204, 205, 207, 209, 233, 234, 235, 237, 238, 240, 256, 258, 260, 261, 264, 299, 305, 323, 324, 325, 334], "excluded_lines": [], "functions": {"DiffResult.is_no_change": {"executed_lines": [41], "summary": {"covered_lines": 1, "num_statements": 1, "percent_covered": 100.0, "percent_covered_display": "100", "missing_lines": 0, "excluded_lines": 0}, "missing_lines": [], "excluded_lines": []}, "DiffResult.is_minor": {"executed_lines": [46], "summary": {"covered_lines": 1, "num_statements": 1, "percent_covered": 100.0, "percent_covered_display": "100", "missing_lines": 0, "excluded_lines": 0}, "missing_lines": [], "excluded_lines": []}, "DiffResult.is_major": {"executed_lines": [], "summary": {"covered_lines": 0, "num_statements": 1, "percent_covered": 0.0, "percent_covered_display": "0", "missing_lines": 1, "excluded_lines": 0}, "missing_lines": [51], "excluded_lines": []}, "RenderCache.__init__": {"executed_lines": [68, 69], "summary": {"covered_lines": 2, "num_statements": 2, "percent_covered": 100.0, "percent_covered_display": "100", "missing_lines": 0, "excluded_lines": 0}, "missing_lines": [], "excluded_lines": []}, "RenderCache.get": {"executed_lines": [], "summary": {"covered_lines": 0, "num_statements": 4, "percent_covered": 0.0, "percent_covered_display": "0", "missing_lines": 4, "excluded_lines": 0}, "missing_lines": [81, 83, 84, 85], "excluded_lines": []}, "RenderCache.set": {"executed_lines": [], "summary": {"covered_lines": 0, "num_statements": 4, "percent_covered": 0.0, "percent_covered_display": "0", "missing_lines": 4, "excluded_lines": 0}, "missing_lines": [96, 97, 99, 100], "excluded_lines": []}, "RenderCache.invalidate": {"executed_lines": [], "summary": {"covered_lines": 0, "num_statements": 5, "percent_covered": 0.0, "percent_covered_display": "0", "missing_lines": 5, "excluded_lines": 0}, "missing_lines": [109, 110, 112, 113, 114], "excluded_lines": []}, "RenderCache.clear": {"executed_lines": [], "summary": {"covered_lines": 0, "num_statements": 1, "percent_covered": 0.0, "percent_covered_display": "0", "missing_lines": 1, "excluded_lines": 0}, "missing_lines": [118], "excluded_lines": []}, "IncrementalRenderer.__init__": {"executed_lines": [136, 137, 138, 139, 140], "summary": {"covered_lines": 5, "num_statements": 5, "percent_covered": 100.0, "percent_covered_display": "100", "missing_lines": 0, "excluded_lines": 0}, "missing_lines": [], "excluded_lines": []}, "IncrementalRenderer.render": {"executed_lines": [153, 156, 159, 164], "summary": {"covered_lines": 4, "num_statements": 6, "percent_covered": 66.66666666666667, "percent_covered_display": "67", "missing_lines": 2, "excluded_lines": 0}, "missing_lines": [158, 161], "excluded_lines": []}, "IncrementalRenderer._compute_diff": {"executed_lines": [181, 182], "summary": {"covered_lines": 2, "num_statements": 21, "percent_covered": 9.523809523809524, "percent_covered_display": "10", "missing_lines": 19, "excluded_lines": 0}, "missing_lines": [184, 185, 186, 189, 190, 191, 192, 193, 194, 195, 197, 198, 199, 202, 203, 204, 205, 207, 209], "excluded_lines": []}, "IncrementalRenderer._is_numeric_change": {"executed_lines": [], "summary": {"covered_lines": 0, "num_statements": 6, "percent_covered": 0.0, "percent_covered_display": "0", "missing_lines": 6, "excluded_lines": 0}, "missing_lines": [233, 234, 235, 237, 238, 240], "excluded_lines": []}, "IncrementalRenderer._update_partial": {"executed_lines": [], "summary": {"covered_lines": 0, "num_statements": 5, "percent_covered": 0.0, "percent_covered_display": "0", "missing_lines": 5, "excluded_lines": 0}, "missing_lines": [256, 258, 260, 261, 264], "excluded_lines": []}, "IncrementalRenderer._render_full": {"executed_lines": [276, 279, 280, 283, 284, 286], "summary": {"covered_lines": 6, "num_statements": 6, "percent_covered": 100.0, "percent_covered_display": "100", "missing_lines": 0, "excluded_lines": 0}, "missing_lines": [], "excluded_lines": []}, "IncrementalRenderer._render_full_from_state": {"executed_lines": [], "summary": {"covered_lines": 0, "num_statements": 2, "percent_covered": 0.0, "percent_covered_display": "0", "missing_lines": 2, "excluded_lines": 0}, "missing_lines": [299, 305], "excluded_lines": []}, "IncrementalRenderer._apply_theme": {"executed_lines": [319], "summary": {"covered_lines": 1, "num_statements": 1, "percent_covered": 100.0, "percent_covered_display": "100", "missing_lines": 0, "excluded_lines": 0}, "missing_lines": [], "excluded_lines": []}, "IncrementalRenderer.reset": {"executed_lines": [], "summary": {"covered_lines": 0, "num_statements": 3, "percent_covered": 0.0, "percent_covered_display": "0", "missing_lines": 3, "excluded_lines": 0}, "missing_lines": [323, 324, 325], "excluded_lines": []}, "IncrementalRenderer.get_cache_stats": {"executed_lines": [], "summary": {"covered_lines": 0, "num_statements": 1, "percent_covered": 0.0, "percent_covered_display": "0", "missing_lines": 1, "excluded_lines": 0}, "missing_lines": [334], "excluded_lines": []}, "": {"executed_lines": [1, 7, 8, 9, 10, 11, 13, 14, 15, 18, 19, 20, 21, 22, 23, 26, 27, 28, 33, 34, 35, 36, 38, 39, 43, 44, 48, 49, 54, 55, 61, 71, 87, 102, 116, 121, 122, 128, 142, 166, 216, 242, 266, 288, 307, 321, 327], "summary": {"covered_lines": 42, "num_statements": 42, "percent_covered": 100.0, "percent_covered_display": "100", "missing_lines": 0, "excluded_lines": 0}, "missing_lines": [], "excluded_lines": []}}, "classes": {"DiffType": {"executed_lines": [], "summary": {"covered_lines": 0, "num_statements": 0, "percent_covered": 100.0, "percent_covered_display": "100", "missing_lines": 0, "excluded_lines": 0}, "missing_lines": [], "excluded_lines": []}, "DiffResult": {"executed_lines": [41, 46], "summary": {"covered_lines": 2, "num_statements": 3, "percent_covered": 66.66666666666667, "percent_covered_display": "67", "missing_lines": 1, "excluded_lines": 0}, "missing_lines": [51], "excluded_lines": []}, "RenderCache": {"executed_lines": [68, 69], "summary": {"covered_lines": 2, "num_statements": 16, "percent_covered": 12.5, "percent_covered_display": "12", "missing_lines": 14, "excluded_lines": 0}, "missing_lines": [81, 83, 84, 85, 96, 97, 99, 100, 109, 110, 112, 113, 114, 118], "excluded_lines": []}, "IncrementalRenderer": {"executed_lines": [136, 137, 138, 139, 140, 153, 156, 159, 164, 181, 182, 276, 279, 280, 283, 284, 286, 319], "summary": {"covered_lines": 18, "num_statements": 56, "percent_covered": 32.142857142857146, "percent_covered_display": "32", "missing_lines": 38, "excluded_lines": 0}, "missing_lines": [158, 161, 184, 185, 186, 189, 190, 191, 192, 193, 194, 195, 197, 198, 199, 202, 203, 204, 205, 207, 209, 233, 234, 235, 237, 238, 240, 256, 258, 260, 261, 264, 299, 305, 323, 324, 325, 334], "excluded_lines": []}, "": {"executed_lines": [1, 7, 8, 9, 10, 11, 13, 14, 15, 18, 19, 20, 21, 22, 23, 26, 27, 28, 33, 34, 35, 36, 38, 39, 43, 44, 48, 49, 54, 55, 61, 71, 87, 102, 116, 121, 122, 128, 142, 166, 216, 242, 266, 288, 307, 321, 327], "summary": {"covered_lines": 42, "num_statements": 42, "percent_covered": 100.0, "percent_covered_display": "100", "missing_lines": 0, "excluded_lines": 0}, "missing_lines": [], "excluded_lines": []}}}, "scripts/statusline/renderer/theme.py": {"executed_lines": [1, 7, 8, 9, 10, 11, 14, 15, 16, 17, 18, 19, 20, 21, 22, 25, 26, 27, 28, 29, 30, 31, 32, 33, 34, 35, 37, 58, 73, 74, 75, 76, 77, 78, 79, 81, 103, 104, 105, 106, 107, 108, 109, 110, 111, 112, 113, 116, 117, 118, 123, 124, 125, 126, 128, 141, 177, 178, 200, 201, 208, 283, 285, 286, 289, 290, 292, 305, 308, 309, 311, 318, 320, 330, 339, 348, 357, 374], "summary": {"covered_lines": 71, "num_statements": 106, "percent_covered": 66.98113207547169, "percent_covered_display": "67", "missing_lines": 35, "excluded_lines": 0}, "missing_lines": [47, 56, 69, 70, 88, 89, 90, 91, 92, 93, 94, 95, 96, 98, 99, 100, 139, 148, 188, 189, 190, 192, 306, 327, 328, 337, 346, 355, 367, 368, 370, 371, 372, 382, 383], "excluded_lines": [], "functions": {"ThemeColors.get_color": {"executed_lines": [], "summary": {"covered_lines": 0, "num_statements": 2, "percent_covered": 0.0, "percent_covered_display": "0", "missing_lines": 2, "excluded_lines": 0}, "missing_lines": [47, 56], "excluded_lines": []}, "ThemeColors.apply": {"executed_lines": [], "summary": {"covered_lines": 0, "num_statements": 2, "percent_covered": 0.0, "percent_covered_display": "0", "missing_lines": 2, "excluded_lines": 0}, "missing_lines": [69, 70], "excluded_lines": []}, "ThemeStyles.to_ansi": {"executed_lines": [], "summary": {"covered_lines": 0, "num_statements": 12, "percent_covered": 0.0, "percent_covered_display": "0", "missing_lines": 12, "excluded_lines": 0}, "missing_lines": [88, 89, 90, 91, 92, 93, 94, 95, 96, 98, 99, 100], "excluded_lines": []}, "Theme.apply_color": {"executed_lines": [], "summary": {"covered_lines": 0, "num_statements": 1, "percent_covered": 0.0, "percent_covered_display": "0", "missing_lines": 1, "excluded_lines": 0}, "missing_lines": [139], "excluded_lines": []}, "Theme.to_dict": {"executed_lines": [], "summary": {"covered_lines": 0, "num_statements": 1, "percent_covered": 0.0, "percent_covered_display": "0", "missing_lines": 1, "excluded_lines": 0}, "missing_lines": [148], "excluded_lines": []}, "Theme.from_dict": {"executed_lines": [], "summary": {"covered_lines": 0, "num_statements": 4, "percent_covered": 0.0, "percent_covered_display": "0", "missing_lines": 4, "excluded_lines": 0}, "missing_lines": [188, 189, 190, 192], "excluded_lines": []}, "ThemeManager.__init__": {"executed_lines": [285, 286, 289, 290], "summary": {"covered_lines": 4, "num_statements": 4, "percent_covered": 100.0, "percent_covered_display": "100", "missing_lines": 0, "excluded_lines": 0}, "missing_lines": [], "excluded_lines": []}, "ThemeManager.load_theme": {"executed_lines": [305, 308, 309], "summary": {"covered_lines": 3, "num_statements": 4, "percent_covered": 75.0, "percent_covered_display": "75", "missing_lines": 1, "excluded_lines": 0}, "missing_lines": [306], "excluded_lines": []}, "ThemeManager.register_theme": {"executed_lines": [318], "summary": {"covered_lines": 1, "num_statements": 1, "percent_covered": 100.0, "percent_covered_display": "100", "missing_lines": 0, "excluded_lines": 0}, "missing_lines": [], "excluded_lines": []}, "ThemeManager.unregister_theme": {"executed_lines": [], "summary": {"covered_lines": 0, "num_statements": 2, "percent_covered": 0.0, "percent_covered_display": "0", "missing_lines": 2, "excluded_lines": 0}, "missing_lines": [327, 328], "excluded_lines": []}, "ThemeManager.list_themes": {"executed_lines": [], "summary": {"covered_lines": 0, "num_statements": 1, "percent_covered": 0.0, "percent_covered_display": "0", "missing_lines": 1, "excluded_lines": 0}, "missing_lines": [337], "excluded_lines": []}, "ThemeManager.get_current_theme": {"executed_lines": [], "summary": {"covered_lines": 0, "num_statements": 1, "percent_covered": 0.0, "percent_covered_display": "0", "missing_lines": 1, "excluded_lines": 0}, "missing_lines": [346], "excluded_lines": []}, "ThemeManager.apply_theme": {"executed_lines": [], "summary": {"covered_lines": 0, "num_statements": 1, "percent_covered": 0.0, "percent_covered_display": "0", "missing_lines": 1, "excluded_lines": 0}, "missing_lines": [355], "excluded_lines": []}, "ThemeManager.load_from_file": {"executed_lines": [], "summary": {"covered_lines": 0, "num_statements": 5, "percent_covered": 0.0, "percent_covered_display": "0", "missing_lines": 5, "excluded_lines": 0}, "missing_lines": [367, 368, 370, 371, 372], "excluded_lines": []}, "ThemeManager.save_to_file": {"executed_lines": [], "summary": {"covered_lines": 0, "num_statements": 2, "percent_covered": 0.0, "percent_covered_display": "0", "missing_lines": 2, "excluded_lines": 0}, "missing_lines": [382, 383], "excluded_lines": []}, "": {"executed_lines": [1, 7, 8, 9, 10, 11, 14, 15, 16, 17, 18, 19, 20, 21, 22, 25, 26, 27, 28, 29, 30, 31, 32, 33, 34, 35, 37, 58, 73, 74, 75, 76, 77, 78, 79, 81, 103, 104, 105, 106, 107, 108, 109, 110, 111, 112, 113, 116, 117, 118, 123, 124, 125, 126, 128, 141, 177, 178, 200, 201, 208, 283, 292, 311, 320, 330, 339, 348, 357, 374], "summary": {"covered_lines": 63, "num_statements": 63, "percent_covered": 100.0, "percent_covered_display": "100", "missing_lines": 0, "excluded_lines": 0}, "missing_lines": [], "excluded_lines": []}}, "classes": {"ThemeColor": {"executed_lines": [], "summary": {"covered_lines": 0, "num_statements": 0, "percent_covered": 100.0, "percent_covered_display": "100", "missing_lines": 0, "excluded_lines": 0}, "missing_lines": [], "excluded_lines": []}, "ThemeColors": {"executed_lines": [], "summary": {"covered_lines": 0, "num_statements": 4, "percent_covered": 0.0, "percent_covered_display": "0", "missing_lines": 4, "excluded_lines": 0}, "missing_lines": [47, 56, 69, 70], "excluded_lines": []}, "ThemeStyles": {"executed_lines": [], "summary": {"covered_lines": 0, "num_statements": 12, "percent_covered": 0.0, "percent_covered_display": "0", "missing_lines": 12, "excluded_lines": 0}, "missing_lines": [88, 89, 90, 91, 92, 93, 94, 95, 96, 98, 99, 100], "excluded_lines": []}, "ThemeSymbols": {"executed_lines": [], "summary": {"covered_lines": 0, "num_statements": 0, "percent_covered": 100.0, "percent_covered_display": "100", "missing_lines": 0, "excluded_lines": 0}, "missing_lines": [], "excluded_lines": []}, "Theme": {"executed_lines": [], "summary": {"covered_lines": 0, "num_statements": 6, "percent_covered": 0.0, "percent_covered_display": "0", "missing_lines": 6, "excluded_lines": 0}, "missing_lines": [139, 148, 188, 189, 190, 192], "excluded_lines": []}, "ThemeManager": {"executed_lines": [285, 286, 289, 290, 305, 308, 309, 318], "summary": {"covered_lines": 8, "num_statements": 21, "percent_covered": 38.095238095238095, "percent_covered_display": "38", "missing_lines": 13, "excluded_lines": 0}, "missing_lines": [306, 327, 328, 337, 346, 355, 367, 368, 370, 371, 372, 382, 383], "excluded_lines": []}, "": {"executed_lines": [1, 7, 8, 9, 10, 11, 14, 15, 16, 17, 18, 19, 20, 21, 22, 25, 26, 27, 28, 29, 30, 31, 32, 33, 34, 35, 37, 58, 73, 74, 75, 76, 77, 78, 79, 81, 103, 104, 105, 106, 107, 108, 109, 110, 111, 112, 113, 116, 117, 118, 123, 124, 125, 126, 128, 141, 177, 178, 200, 201, 208, 283, 292, 311, 320, 330, 339, 348, 357, 374], "summary": {"covered_lines": 63, "num_statements": 63, "percent_covered": 100.0, "percent_covered_display": "100", "missing_lines": 0, "excluded_lines": 0}, "missing_lines": [], "excluded_lines": []}}}, "scripts/statusline/tracker/__init__.py": {"executed_lines": [1, 7, 8, 10], "summary": {"covered_lines": 3, "num_statements": 3, "percent_covered": 100.0, "percent_covered_display": "100", "missing_lines": 0, "excluded_lines": 0}, "missing_lines": [], "excluded_lines": [], "functions": {"": {"executed_lines": [1, 7, 8, 10], "summary": {"covered_lines": 3, "num_statements": 3, "percent_covered": 100.0, "percent_covered_display": "100", "missing_lines": 0, "excluded_lines": 0}, "missing_lines": [], "excluded_lines": []}}, "classes": {"": {"executed_lines": [1, 7, 8, 10], "summary": {"covered_lines": 3, "num_statements": 3, "percent_covered": 100.0, "percent_covered_display": "100", "missing_lines": 0, "excluded_lines": 0}, "missing_lines": [], "excluded_lines": []}}}, "scripts/statusline/tracker/aggregator.py": {"executed_lines": [1, 7, 8, 9, 10, 12, 15, 16, 17, 18, 19, 20, 23, 24, 25, 30, 31, 32, 33, 34, 37, 38, 39, 44, 45, 46, 49, 50, 56, 58, 59, 60, 62, 71, 81, 109, 119, 121, 128, 133, 145, 149, 168, 195, 222, 252, 254, 271], "summary": {"covered_lines": 43, "num_statements": 102, "percent_covered": 42.15686274509804, "percent_covered_display": "42", "missing_lines": 59, "excluded_lines": 0}, "missing_lines": [69, 78, 79, 89, 90, 91, 92, 93, 94, 95, 96, 97, 98, 99, 102, 103, 104, 105, 106, 107, 141, 142, 143, 147, 151, 152, 153, 154, 155, 156, 157, 159, 161, 170, 171, 172, 173, 175, 176, 178, 180, 197, 198, 199, 200, 202, 203, 206, 207, 209, 224, 225, 226, 227, 229, 230, 232, 233, 239], "excluded_lines": [], "functions": {"StateAggregator.__init__": {"executed_lines": [58, 59, 60], "summary": {"covered_lines": 3, "num_statements": 3, "percent_covered": 100.0, "percent_covered_display": "100", "missing_lines": 0, "excluded_lines": 0}, "missing_lines": [], "excluded_lines": []}, "StateAggregator.register_source": {"executed_lines": [], "summary": {"covered_lines": 0, "num_statements": 1, "percent_covered": 0.0, "percent_covered_display": "0", "missing_lines": 1, "excluded_lines": 0}, "missing_lines": [69], "excluded_lines": []}, "StateAggregator.unregister_source": {"executed_lines": [], "summary": {"covered_lines": 0, "num_statements": 2, "percent_covered": 0.0, "percent_covered_display": "0", "missing_lines": 2, "excluded_lines": 0}, "missing_lines": [78, 79], "excluded_lines": []}, "StateAggregator.update": {"executed_lines": [], "summary": {"covered_lines": 0, "num_statements": 17, "percent_covered": 0.0, "percent_covered_display": "0", "missing_lines": 17, "excluded_lines": 0}, "missing_lines": [89, 90, 91, 92, 93, 94, 95, 96, 97, 98, 99, 102, 103, 104, 105, 106, 107], "excluded_lines": []}, "StateAggregator.aggregate": {"executed_lines": [119], "summary": {"covered_lines": 1, "num_statements": 1, "percent_covered": 100.0, "percent_covered_display": "100", "missing_lines": 0, "excluded_lines": 0}, "missing_lines": [], "excluded_lines": []}, "StateAggregator.get_all_states": {"executed_lines": [128], "summary": {"covered_lines": 1, "num_statements": 1, "percent_covered": 100.0, "percent_covered_display": "100", "missing_lines": 0, "excluded_lines": 0}, "missing_lines": [], "excluded_lines": []}, "StateAggregator.register_event_handler": {"executed_lines": [], "summary": {"covered_lines": 0, "num_statements": 3, "percent_covered": 0.0, "percent_covered_display": "0", "missing_lines": 3, "excluded_lines": 0}, "missing_lines": [141, 142, 143], "excluded_lines": []}, "StateAggregator.clear": {"executed_lines": [], "summary": {"covered_lines": 0, "num_statements": 1, "percent_covered": 0.0, "percent_covered_display": "0", "missing_lines": 1, "excluded_lines": 0}, "missing_lines": [147], "excluded_lines": []}, "StateAggregator._update_user_status": {"executed_lines": [], "summary": {"covered_lines": 0, "num_statements": 9, "percent_covered": 0.0, "percent_covered_display": "0", "missing_lines": 9, "excluded_lines": 0}, "missing_lines": [151, 152, 153, 154, 155, 156, 157, 159, 161], "excluded_lines": []}, "StateAggregator._update_progress": {"executed_lines": [], "summary": {"covered_lines": 0, "num_statements": 8, "percent_covered": 0.0, "percent_covered_display": "0", "missing_lines": 8, "excluded_lines": 0}, "missing_lines": [170, 171, 172, 173, 175, 176, 178, 180], "excluded_lines": []}, "StateAggregator._update_resources": {"executed_lines": [], "summary": {"covered_lines": 0, "num_statements": 9, "percent_covered": 0.0, "percent_covered_display": "0", "missing_lines": 9, "excluded_lines": 0}, "missing_lines": [197, 198, 199, 200, 202, 203, 206, 207, 209], "excluded_lines": []}, "StateAggregator._update_errors": {"executed_lines": [], "summary": {"covered_lines": 0, "num_statements": 9, "percent_covered": 0.0, "percent_covered_display": "0", "missing_lines": 9, "excluded_lines": 0}, "missing_lines": [224, 225, 226, 227, 229, 230, 232, 233, 239], "excluded_lines": []}, "StateAggregator._create_default_state": {"executed_lines": [254, 271], "summary": {"covered_lines": 2, "num_statements": 2, "percent_covered": 100.0, "percent_covered_display": "100", "missing_lines": 0, "excluded_lines": 0}, "missing_lines": [], "excluded_lines": []}, "": {"executed_lines": [1, 7, 8, 9, 10, 12, 15, 16, 17, 18, 19, 20, 23, 24, 25, 30, 31, 32, 33, 34, 37, 38, 39, 44, 45, 46, 49, 50, 56, 62, 71, 81, 109, 121, 133, 145, 149, 168, 195, 222, 252], "summary": {"covered_lines": 36, "num_statements": 36, "percent_covered": 100.0, "percent_covered_display": "100", "missing_lines": 0, "excluded_lines": 0}, "missing_lines": [], "excluded_lines": []}}, "classes": {"StateDimension": {"executed_lines": [], "summary": {"covered_lines": 0, "num_statements": 0, "percent_covered": 100.0, "percent_covered_display": "100", "missing_lines": 0, "excluded_lines": 0}, "missing_lines": [], "excluded_lines": []}, "AggregatedState": {"executed_lines": [], "summary": {"covered_lines": 0, "num_statements": 0, "percent_covered": 100.0, "percent_covered_display": "100", "missing_lines": 0, "excluded_lines": 0}, "missing_lines": [], "excluded_lines": []}, "DataSource": {"executed_lines": [], "summary": {"covered_lines": 0, "num_statements": 0, "percent_covered": 100.0, "percent_covered_display": "100", "missing_lines": 0, "excluded_lines": 0}, "missing_lines": [], "excluded_lines": []}, "StateAggregator": {"executed_lines": [58, 59, 60, 119, 128, 254, 271], "summary": {"covered_lines": 7, "num_statements": 66, "percent_covered": 10.606060606060606, "percent_covered_display": "11", "missing_lines": 59, "excluded_lines": 0}, "missing_lines": [69, 78, 79, 89, 90, 91, 92, 93, 94, 95, 96, 97, 98, 99, 102, 103, 104, 105, 106, 107, 141, 142, 143, 147, 151, 152, 153, 154, 155, 156, 157, 159, 161, 170, 171, 172, 173, 175, 176, 178, 180, 197, 198, 199, 200, 202, 203, 206, 207, 209, 224, 225, 226, 227, 229, 230, 232, 233, 239], "excluded_lines": []}, "": {"executed_lines": [1, 7, 8, 9, 10, 12, 15, 16, 17, 18, 19, 20, 23, 24, 25, 30, 31, 32, 33, 34, 37, 38, 39, 44, 45, 46, 49, 50, 56, 62, 71, 81, 109, 121, 133, 145, 149, 168, 195, 222, 252], "summary": {"covered_lines": 36, "num_statements": 36, "percent_covered": 100.0, "percent_covered_display": "100", "missing_lines": 0, "excluded_lines": 0}, "missing_lines": [], "excluded_lines": []}}}, "scripts/statusline/tracker/cache.py": {"executed_lines": [1, 7, 8, 9, 10, 11, 12, 14, 17, 18, 19, 20, 21, 24, 25, 26, 31, 32, 33, 35, 40, 51, 52, 53, 58, 59, 60, 61, 62, 64, 65, 72, 73, 74, 75, 76, 77, 78, 80, 81, 87, 88, 94, 101, 102, 103, 105, 138, 164, 183, 188, 198, 199, 205, 213, 214, 216, 233, 248, 257, 261], "summary": {"covered_lines": 54, "num_statements": 106, "percent_covered": 50.943396226415096, "percent_covered_display": "51", "missing_lines": 52, "excluded_lines": 0}, "missing_lines": [37, 38, 42, 43, 44, 67, 68, 69, 83, 84, 115, 117, 118, 119, 121, 124, 125, 126, 127, 128, 129, 132, 133, 134, 136, 147, 148, 156, 157, 158, 160, 161, 162, 171, 172, 174, 178, 179, 181, 185, 186, 195, 227, 228, 229, 231, 242, 243, 246, 255, 259, 268], "excluded_lines": [], "functions": {"CacheKey.__hash__": {"executed_lines": [], "summary": {"covered_lines": 0, "num_statements": 2, "percent_covered": 0.0, "percent_covered_display": "0", "missing_lines": 2, "excluded_lines": 0}, "missing_lines": [37, 38], "excluded_lines": []}, "CacheKey.__eq__": {"executed_lines": [], "summary": {"covered_lines": 0, "num_statements": 3, "percent_covered": 0.0, "percent_covered_display": "0", "missing_lines": 3, "excluded_lines": 0}, "missing_lines": [42, 43, 44], "excluded_lines": []}, "CacheEntry.is_expired": {"executed_lines": [], "summary": {"covered_lines": 0, "num_statements": 3, "percent_covered": 0.0, "percent_covered_display": "0", "missing_lines": 3, "excluded_lines": 0}, "missing_lines": [67, 68, 69], "excluded_lines": []}, "CacheStats.hit_rate": {"executed_lines": [], "summary": {"covered_lines": 0, "num_statements": 2, "percent_covered": 0.0, "percent_covered_display": "0", "missing_lines": 2, "excluded_lines": 0}, "missing_lines": [83, 84], "excluded_lines": []}, "LRUCache.__init__": {"executed_lines": [101, 102, 103], "summary": {"covered_lines": 3, "num_statements": 3, "percent_covered": 100.0, "percent_covered_display": "100", "missing_lines": 0, "excluded_lines": 0}, "missing_lines": [], "excluded_lines": []}, "LRUCache.get": {"executed_lines": [], "summary": {"covered_lines": 0, "num_statements": 15, "percent_covered": 0.0, "percent_covered_display": "0", "missing_lines": 15, "excluded_lines": 0}, "missing_lines": [115, 117, 118, 119, 121, 124, 125, 126, 127, 128, 129, 132, 133, 134, 136], "excluded_lines": []}, "LRUCache.set": {"executed_lines": [], "summary": {"covered_lines": 0, "num_statements": 8, "percent_covered": 0.0, "percent_covered_display": "0", "missing_lines": 8, "excluded_lines": 0}, "missing_lines": [147, 148, 156, 157, 158, 160, 161, 162], "excluded_lines": []}, "LRUCache.invalidate": {"executed_lines": [], "summary": {"covered_lines": 0, "num_statements": 6, "percent_covered": 0.0, "percent_covered_display": "0", "missing_lines": 6, "excluded_lines": 0}, "missing_lines": [171, 172, 174, 178, 179, 181], "excluded_lines": []}, "LRUCache.clear": {"executed_lines": [], "summary": {"covered_lines": 0, "num_statements": 2, "percent_covered": 0.0, "percent_covered_display": "0", "missing_lines": 2, "excluded_lines": 0}, "missing_lines": [185, 186], "excluded_lines": []}, "LRUCache.get_stats": {"executed_lines": [], "summary": {"covered_lines": 0, "num_statements": 1, "percent_covered": 0.0, "percent_covered_display": "0", "missing_lines": 1, "excluded_lines": 0}, "missing_lines": [195], "excluded_lines": []}, "StateCache.__init__": {"executed_lines": [213, 214], "summary": {"covered_lines": 2, "num_statements": 2, "percent_covered": 100.0, "percent_covered_display": "100", "missing_lines": 0, "excluded_lines": 0}, "missing_lines": [], "excluded_lines": []}, "StateCache.get": {"executed_lines": [], "summary": {"covered_lines": 0, "num_statements": 4, "percent_covered": 0.0, "percent_covered_display": "0", "missing_lines": 4, "excluded_lines": 0}, "missing_lines": [227, 228, 229, 231], "excluded_lines": []}, "StateCache.set": {"executed_lines": [], "summary": {"covered_lines": 0, "num_statements": 3, "percent_covered": 0.0, "percent_covered_display": "0", "missing_lines": 3, "excluded_lines": 0}, "missing_lines": [242, 243, 246], "excluded_lines": []}, "StateCache.invalidate": {"executed_lines": [], "summary": {"covered_lines": 0, "num_statements": 1, "percent_covered": 0.0, "percent_covered_display": "0", "missing_lines": 1, "excluded_lines": 0}, "missing_lines": [255], "excluded_lines": []}, "StateCache.clear": {"executed_lines": [], "summary": {"covered_lines": 0, "num_statements": 1, "percent_covered": 0.0, "percent_covered_display": "0", "missing_lines": 1, "excluded_lines": 0}, "missing_lines": [259], "excluded_lines": []}, "StateCache.get_stats": {"executed_lines": [], "summary": {"covered_lines": 0, "num_statements": 1, "percent_covered": 0.0, "percent_covered_display": "0", "missing_lines": 1, "excluded_lines": 0}, "missing_lines": [268], "excluded_lines": []}, "": {"executed_lines": [1, 7, 8, 9, 10, 11, 12, 14, 17, 18, 19, 20, 21, 24, 25, 26, 31, 32, 33, 35, 40, 51, 52, 53, 58, 59, 60, 61, 62, 64, 65, 72, 73, 74, 75, 76, 77, 78, 80, 81, 87, 88, 94, 105, 138, 164, 183, 188, 198, 199, 205, 216, 233, 248, 257, 261], "summary": {"covered_lines": 49, "num_statements": 49, "percent_covered": 100.0, "percent_covered_display": "100", "missing_lines": 0, "excluded_lines": 0}, "missing_lines": [], "excluded_lines": []}}, "classes": {"CacheLevel": {"executed_lines": [], "summary": {"covered_lines": 0, "num_statements": 0, "percent_covered": 100.0, "percent_covered_display": "100", "missing_lines": 0, "excluded_lines": 0}, "missing_lines": [], "excluded_lines": []}, "CacheKey": {"executed_lines": [], "summary": {"covered_lines": 0, "num_statements": 5, "percent_covered": 0.0, "percent_covered_display": "0", "missing_lines": 5, "excluded_lines": 0}, "missing_lines": [37, 38, 42, 43, 44], "excluded_lines": []}, "CacheEntry": {"executed_lines": [], "summary": {"covered_lines": 0, "num_statements": 3, "percent_covered": 0.0, "percent_covered_display": "0", "missing_lines": 3, "excluded_lines": 0}, "missing_lines": [67, 68, 69], "excluded_lines": []}, "CacheStats": {"executed_lines": [], "summary": {"covered_lines": 0, "num_statements": 2, "percent_covered": 0.0, "percent_covered_display": "0", "missing_lines": 2, "excluded_lines": 0}, "missing_lines": [83, 84], "excluded_lines": []}, "LRUCache": {"executed_lines": [101, 102, 103], "summary": {"covered_lines": 3, "num_statements": 35, "percent_covered": 8.571428571428571, "percent_covered_display": "9", "missing_lines": 32, "excluded_lines": 0}, "missing_lines": [115, 117, 118, 119, 121, 124, 125, 126, 127, 128, 129, 132, 133, 134, 136, 147, 148, 156, 157, 158, 160, 161, 162, 171, 172, 174, 178, 179, 181, 185, 186, 195], "excluded_lines": []}, "StateCache": {"executed_lines": [213, 214], "summary": {"covered_lines": 2, "num_statements": 12, "percent_covered": 16.666666666666668, "percent_covered_display": "17", "missing_lines": 10, "excluded_lines": 0}, "missing_lines": [227, 228, 229, 231, 242, 243, 246, 255, 259, 268], "excluded_lines": []}, "": {"executed_lines": [1, 7, 8, 9, 10, 11, 12, 14, 17, 18, 19, 20, 21, 24, 25, 26, 31, 32, 33, 35, 40, 51, 52, 53, 58, 59, 60, 61, 62, 64, 65, 72, 73, 74, 75, 76, 77, 78, 80, 81, 87, 88, 94, 105, 138, 164, 183, 188, 198, 199, 205, 216, 233, 248, 257, 261], "summary": {"covered_lines": 49, "num_statements": 49, "percent_covered": 100.0, "percent_covered_display": "100", "missing_lines": 0, "excluded_lines": 0}, "missing_lines": [], "excluded_lines": []}}}, "scripts/statusline/utils/__init__.py": {"executed_lines": [1, 7, 14, 20], "summary": {"covered_lines": 3, "num_statements": 3, "percent_covered": 100.0, "percent_covered_display": "100", "missing_lines": 0, "excluded_lines": 0}, "missing_lines": [], "excluded_lines": [], "functions": {"": {"executed_lines": [1, 7, 14, 20], "summary": {"covered_lines": 3, "num_statements": 3, "percent_covered": 100.0, "percent_covered_display": "100", "missing_lines": 0, "excluded_lines": 0}, "missing_lines": [], "excluded_lines": []}}, "classes": {"": {"executed_lines": [1, 7, 14, 20], "summary": {"covered_lines": 3, "num_statements": 3, "percent_covered": 100.0, "percent_covered_display": "100", "missing_lines": 0, "excluded_lines": 0}, "missing_lines": [], "excluded_lines": []}}}, "scripts/statusline/utils/formatting.py": {"executed_lines": [1, 7, 8, 11, 21, 22, 24, 25, 26, 27, 29, 30, 31, 34, 58, 68, 69, 71, 72, 73, 74, 76, 79, 90, 91, 93, 96, 119, 131, 132, 134, 137, 140, 176, 187, 188, 189, 192, 202, 203, 206, 216, 219, 230], "summary": {"covered_lines": 43, "num_statements": 80, "percent_covered": 53.75, "percent_covered_display": "54", "missing_lines": 37, "excluded_lines": 0}, "missing_lines": [44, 45, 47, 48, 49, 50, 51, 53, 54, 55, 106, 107, 109, 110, 111, 112, 113, 114, 116, 135, 151, 152, 155, 156, 157, 160, 161, 163, 164, 165, 166, 167, 168, 169, 170, 172, 173], "excluded_lines": [], "functions": {"format_duration": {"executed_lines": [21, 22, 24, 25, 26, 27, 29, 30, 31], "summary": {"covered_lines": 9, "num_statements": 9, "percent_covered": 100.0, "percent_covered_display": "100", "missing_lines": 0, "excluded_lines": 0}, "missing_lines": [], "excluded_lines": []}, "format_duration_ms": {"executed_lines": [], "summary": {"covered_lines": 0, "num_statements": 10, "percent_covered": 0.0, "percent_covered_display": "0", "missing_lines": 10, "excluded_lines": 0}, "missing_lines": [44, 45, 47, 48, 49, 50, 51, 53, 54, 55], "excluded_lines": []}, "format_token_count": {"executed_lines": [68, 69, 71, 72, 73, 74, 76], "summary": {"covered_lines": 7, "num_statements": 7, "percent_covered": 100.0, "percent_covered_display": "100", "missing_lines": 0, "excluded_lines": 0}, "missing_lines": [], "excluded_lines": []}, "format_percentage": {"executed_lines": [90, 91, 93], "summary": {"covered_lines": 3, "num_statements": 3, "percent_covered": 100.0, "percent_covered_display": "100", "missing_lines": 0, "excluded_lines": 0}, "missing_lines": [], "excluded_lines": []}, "format_compact_int": {"executed_lines": [], "summary": {"covered_lines": 0, "num_statements": 9, "percent_covered": 0.0, "percent_covered_display": "0", "missing_lines": 9, "excluded_lines": 0}, "missing_lines": [106, 107, 109, 110, 111, 112, 113, 114, 116], "excluded_lines": []}, "truncate_text": {"executed_lines": [131, 132, 134, 137], "summary": {"covered_lines": 4, "num_statements": 5, "percent_covered": 80.0, "percent_covered_display": "80", "missing_lines": 1, "excluded_lines": 0}, "missing_lines": [135], "excluded_lines": []}, "shorten_path": {"executed_lines": [], "summary": {"covered_lines": 0, "num_statements": 17, "percent_covered": 0.0, "percent_covered_display": "0", "missing_lines": 17, "excluded_lines": 0}, "missing_lines": [151, 152, 155, 156, 157, 160, 161, 163, 164, 165, 166, 167, 168, 169, 170, 172, 173], "excluded_lines": []}, "progress_bar": {"executed_lines": [187, 188, 189], "summary": {"covered_lines": 3, "num_statements": 3, "percent_covered": 100.0, "percent_covered_display": "100", "missing_lines": 0, "excluded_lines": 0}, "missing_lines": [], "excluded_lines": []}, "strip_ansi": {"executed_lines": [202, 203], "summary": {"covered_lines": 2, "num_statements": 2, "percent_covered": 100.0, "percent_covered_display": "100", "missing_lines": 0, "excluded_lines": 0}, "missing_lines": [], "excluded_lines": []}, "visible_len": {"executed_lines": [216], "summary": {"covered_lines": 1, "num_statements": 1, "percent_covered": 100.0, "percent_covered_display": "100", "missing_lines": 0, "excluded_lines": 0}, "missing_lines": [], "excluded_lines": []}, "join_parts": {"executed_lines": [230], "summary": {"covered_lines": 1, "num_statements": 1, "percent_covered": 100.0, "percent_covered_display": "100", "missing_lines": 0, "excluded_lines": 0}, "missing_lines": [], "excluded_lines": []}, "": {"executed_lines": [1, 7, 8, 11, 34, 58, 79, 96, 119, 140, 176, 192, 206, 219], "summary": {"covered_lines": 13, "num_statements": 13, "percent_covered": 100.0, "percent_covered_display": "100", "missing_lines": 0, "excluded_lines": 0}, "missing_lines": [], "excluded_lines": []}}, "classes": {"": {"executed_lines": [1, 7, 8, 11, 21, 22, 24, 25, 26, 27, 29, 30, 31, 34, 58, 68, 69, 71, 72, 73, 74, 76, 79, 90, 91, 93, 96, 119, 131, 132, 134, 137, 140, 176, 187, 188, 189, 192, 202, 203, 206, 216, 219, 230], "summary": {"covered_lines": 43, "num_statements": 80, "percent_covered": 53.75, "percent_covered_display": "54", "missing_lines": 37, "excluded_lines": 0}, "missing_lines": [44, 45, 47, 48, 49, 50, 51, 53, 54, 55, 106, 107, 109, 110, 111, 112, 113, 114, 116, 135, 151, 152, 155, 156, 157, 160, 161, 163, 164, 165, 166, 167, 168, 169, 170, 172, 173], "excluded_lines": []}}}, "scripts/statusline/utils/validation.py": {"executed_lines": [1, 7, 8, 11, 24, 41, 62, 77, 90, 106], "summary": {"covered_lines": 9, "num_statements": 41, "percent_covered": 21.951219512195124, "percent_covered_display": "22", "missing_lines": 32, "excluded_lines": 0}, "missing_lines": [21, 34, 35, 36, 37, 38, 52, 53, 55, 57, 59, 74, 87, 100, 101, 103, 116, 119, 120, 121, 124, 125, 126, 129, 130, 131, 132, 135, 136, 137, 138, 140], "excluded_lines": [], "functions": {"validate_config": {"executed_lines": [], "summary": {"covered_lines": 0, "num_statements": 1, "percent_covered": 0.0, "percent_covered_display": "0", "missing_lines": 1, "excluded_lines": 0}, "missing_lines": [21], "excluded_lines": []}, "validate_layout": {"executed_lines": [], "summary": {"covered_lines": 0, "num_statements": 5, "percent_covered": 0.0, "percent_covered_display": "0", "missing_lines": 5, "excluded_lines": 0}, "missing_lines": [34, 35, 36, 37, 38], "excluded_lines": []}, "validate_theme": {"executed_lines": [], "summary": {"covered_lines": 0, "num_statements": 5, "percent_covered": 0.0, "percent_covered_display": "0", "missing_lines": 5, "excluded_lines": 0}, "missing_lines": [52, 53, 55, 57, 59], "excluded_lines": []}, "validate_width": {"executed_lines": [], "summary": {"covered_lines": 0, "num_statements": 1, "percent_covered": 0.0, "percent_covered_display": "0", "missing_lines": 1, "excluded_lines": 0}, "missing_lines": [74], "excluded_lines": []}, "validate_percentage": {"executed_lines": [], "summary": {"covered_lines": 0, "num_statements": 1, "percent_covered": 0.0, "percent_covered_display": "0", "missing_lines": 1, "excluded_lines": 0}, "missing_lines": [87], "excluded_lines": []}, "validate_color_rgb": {"executed_lines": [], "summary": {"covered_lines": 0, "num_statements": 3, "percent_covered": 0.0, "percent_covered_display": "0", "missing_lines": 3, "excluded_lines": 0}, "missing_lines": [100, 101, 103], "excluded_lines": []}, "validate_config_dict": {"executed_lines": [], "summary": {"covered_lines": 0, "num_statements": 16, "percent_covered": 0.0, "percent_covered_display": "0", "missing_lines": 16, "excluded_lines": 0}, "missing_lines": [116, 119, 120, 121, 124, 125, 126, 129, 130, 131, 132, 135, 136, 137, 138, 140], "excluded_lines": []}, "": {"executed_lines": [1, 7, 8, 11, 24, 41, 62, 77, 90, 106], "summary": {"covered_lines": 9, "num_statements": 9, "percent_covered": 100.0, "percent_covered_display": "100", "missing_lines": 0, "excluded_lines": 0}, "missing_lines": [], "excluded_lines": []}}, "classes": {"": {"executed_lines": [1, 7, 8, 11, 24, 41, 62, 77, 90, 106], "summary": {"covered_lines": 9, "num_statements": 41, "percent_covered": 21.951219512195124, "percent_covered_display": "22", "missing_lines": 32, "excluded_lines": 0}, "missing_lines": [21, 34, 35, 36, 37, 38, 52, 53, 55, 57, 59, 74, 87, 100, 101, 103, 116, 119, 120, 121, 124, 125, 126, 129, 130, 131, 132, 135, 136, 137, 138, 140], "excluded_lines": []}}}}, "totals": {"covered_lines": 709, "num_statements": 1339, "percent_covered": 52.94996265870052, "percent_covered_display": "53", "missing_lines": 630, "excluded_lines": 4}}